This file contains any messages produced by compilers while
running configure, to aid debugging if configure makes a mistake.

It was created by configure, which was
generated by GNU Autoconf 2.68.  Invocation command line was

  $ /Users/panda/StudyWork/mozilla-release/js/src/../../intl/icu/source/configure --with-cross-build=/Users/panda/StudyWork/mozilla-release/js/src/intl/icu/host --enable-static --disable-shared  --build=x86_64-apple-darwin13.1.0 --host=x86_64-apple-darwin10.0.0 --disable-extras --disable-icuio --disable-layout --disable-tests --disable-samples

## --------- ##
## Platform. ##
## --------- ##

hostname = pandabook.local
uname -m = x86_64
uname -r = 13.1.0
uname -s = Darwin
uname -v = Darwin Kernel Version 13.1.0: Thu Jan 16 19:40:37 PST 2014; root:xnu-2422.90.20~2/RELEASE_X86_64

/usr/bin/uname -p = i386
/bin/uname -X     = unknown

/bin/arch              = unknown
/usr/bin/arch -k       = unknown
/usr/convex/getsysinfo = unknown
/usr/bin/hostinfo      = Mach kernel version:
	 Darwin Kernel Version 13.1.0: Thu Jan 16 19:40:37 PST 2014; root:xnu-2422.90.20~2/RELEASE_X86_64
Kernel configured for up to 8 processors.
4 processors are physically available.
8 processors are logically available.
Processor type: i486 (Intel 80486)
Processors active: 0 1 2 3 4 5 6 7
Primary memory available: 8.00 gigabytes
Default processor set: 227 tasks, 1410 threads, 8 processors
Load average: 13.02, Mach factor: 0.57
/bin/machine           = unknown
/usr/bin/oslevel       = unknown
/bin/universe          = unknown

PATH: /Users/panda/StudyWork/Cocos/cocos2d-js/tools/cocos2d-console/bin
PATH: /opt/local/bin
PATH: /opt/local/sbin
PATH: /opt/subversion/bin
PATH: /usr/bin
PATH: /bin
PATH: /usr/sbin
PATH: /sbin
PATH: /usr/local/bin
PATH: /usr/local/git/bin
PATH: /Users/panda/StudyWork/Cocos/tools/adt-bundle/sdk/tools
PATH: /Users/panda/StudyWork/Cocos/tools/adt-bundle/sdk/platform-tools
PATH: /Users/panda/StudyWork/Cocos/tools/android-ndk-r9b


## ----------- ##
## Core tests. ##
## ----------- ##

configure:2554: checking for ICU version numbers
configure:2587: result: release 50.1.2, library 50.1.2, unicode version 6.2
configure:2626: checking build system type
configure:2640: result: x86_64-apple-darwin13.1.0
configure:2660: checking host system type
configure:2673: result: x86_64-apple-darwin10.0.0
configure:2705: checking whether to build debug libraries
configure:2717: result: no
configure:2722: checking whether to build release libraries
configure:2734: result: yes
configure:2753: checking for x86_64-apple-darwin10.0.0-clang
configure:2780: result: /usr/bin/clang
configure:2855: checking for C compiler version
configure:2864: /usr/bin/clang --version >&5
Apple LLVM version 5.1 (clang-503.0.38) (based on LLVM 3.4svn)
Target: x86_64-apple-darwin13.1.0
Thread model: posix
configure:2875: $? = 0
configure:2864: /usr/bin/clang -v >&5
Apple LLVM version 5.1 (clang-503.0.38) (based on LLVM 3.4svn)
Target: x86_64-apple-darwin13.1.0
Thread model: posix
configure:2875: $? = 0
configure:2864: /usr/bin/clang -V >&5
clang: error: argument to '-V' is missing (expected 1 value)
clang: error: no input files
configure:2875: $? = 1
configure:2864: /usr/bin/clang -qversion >&5
clang: error: unknown argument: '-qversion' [-Wunused-command-line-argument-hard-error-in-future]
clang: note: this will be a hard error (cannot be downgraded to a warning) in the future
clang: error: no input files
configure:2875: $? = 1
configure:2895: checking whether the C compiler works
configure:2917: /usr/bin/clang -fPIC -Qunused-arguments -Wall -Wpointer-arith -Wdeclaration-after-statement -Werror=return-type -Wempty-body -Wsign-compare -Wno-unused -std=gnu99 -fno-common -fno-math-errno -pthread -pipe -g -UDEBUG -DNDEBUG -O3 -fno-stack-protector  -DU_USING_ICU_NAMESPACE=0 -DU_NO_DEFAULT_INCLUDE_UTF_HEADERS=1 -DUCONFIG_NO_LEGACY_CONVERSION -DUCONFIG_NO_TRANSLITERATION -DUCONFIG_NO_REGULAR_EXPRESSIONS -DUCONFIG_NO_BREAK_ITERATION -Qunused-arguments   -framework ExceptionHandling   -lobjc conftest.c  >&5
configure:2921: $? = 0
configure:2969: result: yes
configure:2972: checking for C compiler default output file name
configure:2974: result: a.out
configure:2980: checking for suffix of executables
configure:2987: /usr/bin/clang -o conftest -fPIC -Qunused-arguments -Wall -Wpointer-arith -Wdeclaration-after-statement -Werror=return-type -Wempty-body -Wsign-compare -Wno-unused -std=gnu99 -fno-common -fno-math-errno -pthread -pipe -g -UDEBUG -DNDEBUG -O3 -fno-stack-protector  -DU_USING_ICU_NAMESPACE=0 -DU_NO_DEFAULT_INCLUDE_UTF_HEADERS=1 -DUCONFIG_NO_LEGACY_CONVERSION -DUCONFIG_NO_TRANSLITERATION -DUCONFIG_NO_REGULAR_EXPRESSIONS -DUCONFIG_NO_BREAK_ITERATION -Qunused-arguments   -framework ExceptionHandling   -lobjc conftest.c  >&5
configure:2991: $? = 0
configure:3013: result: 
configure:3035: checking whether we are cross compiling
configure:3073: result: yes
configure:3078: checking for suffix of object files
configure:3100: /usr/bin/clang -c -fPIC -Qunused-arguments -Wall -Wpointer-arith -Wdeclaration-after-statement -Werror=return-type -Wempty-body -Wsign-compare -Wno-unused -std=gnu99 -fno-common -fno-math-errno -pthread -pipe -g -UDEBUG -DNDEBUG -O3 -fno-stack-protector  -DU_USING_ICU_NAMESPACE=0 -DU_NO_DEFAULT_INCLUDE_UTF_HEADERS=1 -DUCONFIG_NO_LEGACY_CONVERSION -DUCONFIG_NO_TRANSLITERATION -DUCONFIG_NO_REGULAR_EXPRESSIONS -DUCONFIG_NO_BREAK_ITERATION -Qunused-arguments  conftest.c >&5
configure:3104: $? = 0
configure:3125: result: o
configure:3129: checking whether we are using the GNU C compiler
configure:3148: /usr/bin/clang -c -fPIC -Qunused-arguments -Wall -Wpointer-arith -Wdeclaration-after-statement -Werror=return-type -Wempty-body -Wsign-compare -Wno-unused -std=gnu99 -fno-common -fno-math-errno -pthread -pipe -g -UDEBUG -DNDEBUG -O3 -fno-stack-protector  -DU_USING_ICU_NAMESPACE=0 -DU_NO_DEFAULT_INCLUDE_UTF_HEADERS=1 -DUCONFIG_NO_LEGACY_CONVERSION -DUCONFIG_NO_TRANSLITERATION -DUCONFIG_NO_REGULAR_EXPRESSIONS -DUCONFIG_NO_BREAK_ITERATION -Qunused-arguments  conftest.c >&5
configure:3148: $? = 0
configure:3157: result: yes
configure:3166: checking whether /usr/bin/clang accepts -g
configure:3186: /usr/bin/clang -c -g  -DU_USING_ICU_NAMESPACE=0 -DU_NO_DEFAULT_INCLUDE_UTF_HEADERS=1 -DUCONFIG_NO_LEGACY_CONVERSION -DUCONFIG_NO_TRANSLITERATION -DUCONFIG_NO_REGULAR_EXPRESSIONS -DUCONFIG_NO_BREAK_ITERATION -Qunused-arguments  conftest.c >&5
configure:3186: $? = 0
configure:3227: result: yes
configure:3244: checking for /usr/bin/clang option to accept ISO C89
configure:3308: /usr/bin/clang  -c -fPIC -Qunused-arguments -Wall -Wpointer-arith -Wdeclaration-after-statement -Werror=return-type -Wempty-body -Wsign-compare -Wno-unused -std=gnu99 -fno-common -fno-math-errno -pthread -pipe -g -UDEBUG -DNDEBUG -O3 -fno-stack-protector  -DU_USING_ICU_NAMESPACE=0 -DU_NO_DEFAULT_INCLUDE_UTF_HEADERS=1 -DUCONFIG_NO_LEGACY_CONVERSION -DUCONFIG_NO_TRANSLITERATION -DUCONFIG_NO_REGULAR_EXPRESSIONS -DUCONFIG_NO_BREAK_ITERATION -Qunused-arguments  conftest.c >&5
configure:3308: $? = 0
configure:3321: result: none needed
configure:3455: checking for C++ compiler version
configure:3464: /usr/bin/clang++ --version >&5
Apple LLVM version 5.1 (clang-503.0.38) (based on LLVM 3.4svn)
Target: x86_64-apple-darwin13.1.0
Thread model: posix
configure:3475: $? = 0
configure:3464: /usr/bin/clang++ -v >&5
Apple LLVM version 5.1 (clang-503.0.38) (based on LLVM 3.4svn)
Target: x86_64-apple-darwin13.1.0
Thread model: posix
configure:3475: $? = 0
configure:3464: /usr/bin/clang++ -V >&5
clang: error: argument to '-V' is missing (expected 1 value)
clang: error: no input files
configure:3475: $? = 1
configure:3464: /usr/bin/clang++ -qversion >&5
clang: error: unknown argument: '-qversion' [-Wunused-command-line-argument-hard-error-in-future]
clang: note: this will be a hard error (cannot be downgraded to a warning) in the future
clang: error: no input files
configure:3475: $? = 1
configure:3479: checking whether we are using the GNU C++ compiler
configure:3498: /usr/bin/clang++ -c -fPIC -Qunused-arguments -Wall -Wpointer-arith -Woverloaded-virtual -Werror=return-type -Wtype-limits -Wempty-body -Werror=conversion-null -Wsign-compare -Wno-invalid-offsetof -Wno-c++0x-extensions -Wno-extended-offsetof -Wno-unknown-warning-option -Wno-return-type-c-linkage -Wno-mismatched-tags -fno-common -frtti -fno-exceptions -fno-math-errno -std=gnu++0x -pthread -pipe -g -UDEBUG -DNDEBUG -O3 -fno-stack-protector  -DU_USING_ICU_NAMESPACE=0 -DU_NO_DEFAULT_INCLUDE_UTF_HEADERS=1 -DUCONFIG_NO_LEGACY_CONVERSION -DUCONFIG_NO_TRANSLITERATION -DUCONFIG_NO_REGULAR_EXPRESSIONS -DUCONFIG_NO_BREAK_ITERATION -Qunused-arguments  conftest.cpp >&5
configure:3498: $? = 0
configure:3507: result: yes
configure:3516: checking whether /usr/bin/clang++ accepts -g
configure:3536: /usr/bin/clang++ -c -g  -DU_USING_ICU_NAMESPACE=0 -DU_NO_DEFAULT_INCLUDE_UTF_HEADERS=1 -DUCONFIG_NO_LEGACY_CONVERSION -DUCONFIG_NO_TRANSLITERATION -DUCONFIG_NO_REGULAR_EXPRESSIONS -DUCONFIG_NO_BREAK_ITERATION -Qunused-arguments  conftest.cpp >&5
configure:3536: $? = 0
configure:3577: result: yes
configure:3627: checking how to run the C preprocessor
configure:3658: /usr/bin/clang -E  -DU_USING_ICU_NAMESPACE=0 -DU_NO_DEFAULT_INCLUDE_UTF_HEADERS=1 -DUCONFIG_NO_LEGACY_CONVERSION -DUCONFIG_NO_TRANSLITERATION -DUCONFIG_NO_REGULAR_EXPRESSIONS -DUCONFIG_NO_BREAK_ITERATION -Qunused-arguments  conftest.c
configure:3658: $? = 0
configure:3672: /usr/bin/clang -E  -DU_USING_ICU_NAMESPACE=0 -DU_NO_DEFAULT_INCLUDE_UTF_HEADERS=1 -DUCONFIG_NO_LEGACY_CONVERSION -DUCONFIG_NO_TRANSLITERATION -DUCONFIG_NO_REGULAR_EXPRESSIONS -DUCONFIG_NO_BREAK_ITERATION -Qunused-arguments  conftest.c
conftest.c:9:10: fatal error: 'ac_nonexistent.h' file not found
#include <ac_nonexistent.h>
         ^
1 error generated.
configure:3672: $? = 1
configure: failed program was:
| /* confdefs.h */
| #define PACKAGE_NAME ""
| #define PACKAGE_TARNAME ""
| #define PACKAGE_VERSION ""
| #define PACKAGE_STRING ""
| #define PACKAGE_BUGREPORT ""
| #define PACKAGE_URL ""
| /* end confdefs.h.  */
| #include <ac_nonexistent.h>
configure:3697: result: /usr/bin/clang -E
configure:3717: /usr/bin/clang -E  -DU_USING_ICU_NAMESPACE=0 -DU_NO_DEFAULT_INCLUDE_UTF_HEADERS=1 -DUCONFIG_NO_LEGACY_CONVERSION -DUCONFIG_NO_TRANSLITERATION -DUCONFIG_NO_REGULAR_EXPRESSIONS -DUCONFIG_NO_BREAK_ITERATION -Qunused-arguments  conftest.c
configure:3717: $? = 0
configure:3731: /usr/bin/clang -E  -DU_USING_ICU_NAMESPACE=0 -DU_NO_DEFAULT_INCLUDE_UTF_HEADERS=1 -DUCONFIG_NO_LEGACY_CONVERSION -DUCONFIG_NO_TRANSLITERATION -DUCONFIG_NO_REGULAR_EXPRESSIONS -DUCONFIG_NO_BREAK_ITERATION -Qunused-arguments  conftest.c
conftest.c:9:10: fatal error: 'ac_nonexistent.h' file not found
#include <ac_nonexistent.h>
         ^
1 error generated.
configure:3731: $? = 1
configure: failed program was:
| /* confdefs.h */
| #define PACKAGE_NAME ""
| #define PACKAGE_TARNAME ""
| #define PACKAGE_VERSION ""
| #define PACKAGE_STRING ""
| #define PACKAGE_BUGREPORT ""
| #define PACKAGE_URL ""
| /* end confdefs.h.  */
| #include <ac_nonexistent.h>
configure:3774: checking for a BSD-compatible install
configure:3842: result: /usr/bin/install -c
configure:3874: /usr/bin/clang++ -o conftest -fPIC -Qunused-arguments -Wall -Wpointer-arith -Woverloaded-virtual -Werror=return-type -Wtype-limits -Wempty-body -Werror=conversion-null -Wsign-compare -Wno-invalid-offsetof -Wno-c++0x-extensions -Wno-extended-offsetof -Wno-unknown-warning-option -Wno-return-type-c-linkage -Wno-mismatched-tags -fno-common -frtti -fno-exceptions -fno-math-errno -std=gnu++0x -pthread -pipe -g -UDEBUG -DNDEBUG -O3 -fno-stack-protector  -DU_USING_ICU_NAMESPACE=0 -DU_NO_DEFAULT_INCLUDE_UTF_HEADERS=1 -DUCONFIG_NO_LEGACY_CONVERSION -DUCONFIG_NO_TRANSLITERATION -DUCONFIG_NO_REGULAR_EXPRESSIONS -DUCONFIG_NO_BREAK_ITERATION -Qunused-arguments   -framework ExceptionHandling   -lobjc conftest.cpp  >&5
configure:3874: $? = 0
configure:3902: checking for gmake
configure:3935: result: no
configure:3902: checking for gnumake
configure:3920: found /usr/bin/gnumake
configure:3932: result: /usr/bin/gnumake
configure:3962: result: Using cross buildroot: /Users/panda/StudyWork/mozilla-release/js/src/intl/icu/host
configure:3977: checking for doxygen
configure:4011: result: no
configure:4031: checking checking for executable suffix
configure:4038: result: 
configure:4044: checking whether strict compiling is on
configure:4060: result: yes
configure:4101: checking for grep that handles long lines and -e
configure:4159: result: /usr/bin/grep
configure:4164: checking for egrep
configure:4226: result: /usr/bin/grep -E
configure:4231: checking for ANSI C header files
configure:4251: /usr/bin/clang -c -fPIC -Qunused-arguments -Wall -Wpointer-arith -Wdeclaration-after-statement -Werror=return-type -Wempty-body -Wsign-compare -Wno-unused -std=gnu99 -fno-common -fno-math-errno -pthread -pipe -g -UDEBUG -DNDEBUG -O3 -fno-stack-protector -Wall -std=c99 -pedantic -Wshadow -Wpointer-arith -Wmissing-prototypes -Wwrite-strings  -DU_USING_ICU_NAMESPACE=0 -DU_NO_DEFAULT_INCLUDE_UTF_HEADERS=1 -DUCONFIG_NO_LEGACY_CONVERSION -DUCONFIG_NO_TRANSLITERATION -DUCONFIG_NO_REGULAR_EXPRESSIONS -DUCONFIG_NO_BREAK_ITERATION -Qunused-arguments  conftest.c >&5
configure:4251: $? = 0
configure:4335: result: yes
configure:4348: checking for sys/types.h
configure:4348: /usr/bin/clang -c -fPIC -Qunused-arguments -Wall -Wpointer-arith -Wdeclaration-after-statement -Werror=return-type -Wempty-body -Wsign-compare -Wno-unused -std=gnu99 -fno-common -fno-math-errno -pthread -pipe -g -UDEBUG -DNDEBUG -O3 -fno-stack-protector -Wall -std=c99 -pedantic -Wshadow -Wpointer-arith -Wmissing-prototypes -Wwrite-strings  -DU_USING_ICU_NAMESPACE=0 -DU_NO_DEFAULT_INCLUDE_UTF_HEADERS=1 -DUCONFIG_NO_LEGACY_CONVERSION -DUCONFIG_NO_TRANSLITERATION -DUCONFIG_NO_REGULAR_EXPRESSIONS -DUCONFIG_NO_BREAK_ITERATION -Qunused-arguments  conftest.c >&5
configure:4348: $? = 0
configure:4348: result: yes
configure:4348: checking for sys/stat.h
configure:4348: /usr/bin/clang -c -fPIC -Qunused-arguments -Wall -Wpointer-arith -Wdeclaration-after-statement -Werror=return-type -Wempty-body -Wsign-compare -Wno-unused -std=gnu99 -fno-common -fno-math-errno -pthread -pipe -g -UDEBUG -DNDEBUG -O3 -fno-stack-protector -Wall -std=c99 -pedantic -Wshadow -Wpointer-arith -Wmissing-prototypes -Wwrite-strings  -DU_USING_ICU_NAMESPACE=0 -DU_NO_DEFAULT_INCLUDE_UTF_HEADERS=1 -DUCONFIG_NO_LEGACY_CONVERSION -DUCONFIG_NO_TRANSLITERATION -DUCONFIG_NO_REGULAR_EXPRESSIONS -DUCONFIG_NO_BREAK_ITERATION -Qunused-arguments  conftest.c >&5
configure:4348: $? = 0
configure:4348: result: yes
configure:4348: checking for stdlib.h
configure:4348: /usr/bin/clang -c -fPIC -Qunused-arguments -Wall -Wpointer-arith -Wdeclaration-after-statement -Werror=return-type -Wempty-body -Wsign-compare -Wno-unused -std=gnu99 -fno-common -fno-math-errno -pthread -pipe -g -UDEBUG -DNDEBUG -O3 -fno-stack-protector -Wall -std=c99 -pedantic -Wshadow -Wpointer-arith -Wmissing-prototypes -Wwrite-strings  -DU_USING_ICU_NAMESPACE=0 -DU_NO_DEFAULT_INCLUDE_UTF_HEADERS=1 -DUCONFIG_NO_LEGACY_CONVERSION -DUCONFIG_NO_TRANSLITERATION -DUCONFIG_NO_REGULAR_EXPRESSIONS -DUCONFIG_NO_BREAK_ITERATION -Qunused-arguments  conftest.c >&5
configure:4348: $? = 0
configure:4348: result: yes
configure:4348: checking for string.h
configure:4348: /usr/bin/clang -c -fPIC -Qunused-arguments -Wall -Wpointer-arith -Wdeclaration-after-statement -Werror=return-type -Wempty-body -Wsign-compare -Wno-unused -std=gnu99 -fno-common -fno-math-errno -pthread -pipe -g -UDEBUG -DNDEBUG -O3 -fno-stack-protector -Wall -std=c99 -pedantic -Wshadow -Wpointer-arith -Wmissing-prototypes -Wwrite-strings  -DU_USING_ICU_NAMESPACE=0 -DU_NO_DEFAULT_INCLUDE_UTF_HEADERS=1 -DUCONFIG_NO_LEGACY_CONVERSION -DUCONFIG_NO_TRANSLITERATION -DUCONFIG_NO_REGULAR_EXPRESSIONS -DUCONFIG_NO_BREAK_ITERATION -Qunused-arguments  conftest.c >&5
configure:4348: $? = 0
configure:4348: result: yes
configure:4348: checking for memory.h
configure:4348: /usr/bin/clang -c -fPIC -Qunused-arguments -Wall -Wpointer-arith -Wdeclaration-after-statement -Werror=return-type -Wempty-body -Wsign-compare -Wno-unused -std=gnu99 -fno-common -fno-math-errno -pthread -pipe -g -UDEBUG -DNDEBUG -O3 -fno-stack-protector -Wall -std=c99 -pedantic -Wshadow -Wpointer-arith -Wmissing-prototypes -Wwrite-strings  -DU_USING_ICU_NAMESPACE=0 -DU_NO_DEFAULT_INCLUDE_UTF_HEADERS=1 -DUCONFIG_NO_LEGACY_CONVERSION -DUCONFIG_NO_TRANSLITERATION -DUCONFIG_NO_REGULAR_EXPRESSIONS -DUCONFIG_NO_BREAK_ITERATION -Qunused-arguments  conftest.c >&5
configure:4348: $? = 0
configure:4348: result: yes
configure:4348: checking for strings.h
configure:4348: /usr/bin/clang -c -fPIC -Qunused-arguments -Wall -Wpointer-arith -Wdeclaration-after-statement -Werror=return-type -Wempty-body -Wsign-compare -Wno-unused -std=gnu99 -fno-common -fno-math-errno -pthread -pipe -g -UDEBUG -DNDEBUG -O3 -fno-stack-protector -Wall -std=c99 -pedantic -Wshadow -Wpointer-arith -Wmissing-prototypes -Wwrite-strings  -DU_USING_ICU_NAMESPACE=0 -DU_NO_DEFAULT_INCLUDE_UTF_HEADERS=1 -DUCONFIG_NO_LEGACY_CONVERSION -DUCONFIG_NO_TRANSLITERATION -DUCONFIG_NO_REGULAR_EXPRESSIONS -DUCONFIG_NO_BREAK_ITERATION -Qunused-arguments  conftest.c >&5
configure:4348: $? = 0
configure:4348: result: yes
configure:4348: checking for inttypes.h
configure:4348: /usr/bin/clang -c -fPIC -Qunused-arguments -Wall -Wpointer-arith -Wdeclaration-after-statement -Werror=return-type -Wempty-body -Wsign-compare -Wno-unused -std=gnu99 -fno-common -fno-math-errno -pthread -pipe -g -UDEBUG -DNDEBUG -O3 -fno-stack-protector -Wall -std=c99 -pedantic -Wshadow -Wpointer-arith -Wmissing-prototypes -Wwrite-strings  -DU_USING_ICU_NAMESPACE=0 -DU_NO_DEFAULT_INCLUDE_UTF_HEADERS=1 -DUCONFIG_NO_LEGACY_CONVERSION -DUCONFIG_NO_TRANSLITERATION -DUCONFIG_NO_REGULAR_EXPRESSIONS -DUCONFIG_NO_BREAK_ITERATION -Qunused-arguments  conftest.c >&5
configure:4348: $? = 0
configure:4348: result: yes
configure:4348: checking for stdint.h
configure:4348: /usr/bin/clang -c -fPIC -Qunused-arguments -Wall -Wpointer-arith -Wdeclaration-after-statement -Werror=return-type -Wempty-body -Wsign-compare -Wno-unused -std=gnu99 -fno-common -fno-math-errno -pthread -pipe -g -UDEBUG -DNDEBUG -O3 -fno-stack-protector -Wall -std=c99 -pedantic -Wshadow -Wpointer-arith -Wmissing-prototypes -Wwrite-strings  -DU_USING_ICU_NAMESPACE=0 -DU_NO_DEFAULT_INCLUDE_UTF_HEADERS=1 -DUCONFIG_NO_LEGACY_CONVERSION -DUCONFIG_NO_TRANSLITERATION -DUCONFIG_NO_REGULAR_EXPRESSIONS -DUCONFIG_NO_BREAK_ITERATION -Qunused-arguments  conftest.c >&5
configure:4348: $? = 0
configure:4348: result: yes
configure:4348: checking for unistd.h
configure:4348: /usr/bin/clang -c -fPIC -Qunused-arguments -Wall -Wpointer-arith -Wdeclaration-after-statement -Werror=return-type -Wempty-body -Wsign-compare -Wno-unused -std=gnu99 -fno-common -fno-math-errno -pthread -pipe -g -UDEBUG -DNDEBUG -O3 -fno-stack-protector -Wall -std=c99 -pedantic -Wshadow -Wpointer-arith -Wmissing-prototypes -Wwrite-strings  -DU_USING_ICU_NAMESPACE=0 -DU_NO_DEFAULT_INCLUDE_UTF_HEADERS=1 -DUCONFIG_NO_LEGACY_CONVERSION -DUCONFIG_NO_TRANSLITERATION -DUCONFIG_NO_REGULAR_EXPRESSIONS -DUCONFIG_NO_BREAK_ITERATION -Qunused-arguments  conftest.c >&5
configure:4348: $? = 0
configure:4348: result: yes
configure:4397: checking size of void *
configure:4402: /usr/bin/clang -c -fPIC -Qunused-arguments -Wall -Wpointer-arith -Wdeclaration-after-statement -Werror=return-type -Wempty-body -Wsign-compare -Wno-unused -std=gnu99 -fno-common -fno-math-errno -pthread -pipe -g -UDEBUG -DNDEBUG -O3 -fno-stack-protector -Wall -std=c99 -pedantic -Wshadow -Wpointer-arith -Wmissing-prototypes -Wwrite-strings  -DU_USING_ICU_NAMESPACE=0 -DU_NO_DEFAULT_INCLUDE_UTF_HEADERS=1 -DUCONFIG_NO_LEGACY_CONVERSION -DUCONFIG_NO_TRANSLITERATION -DUCONFIG_NO_REGULAR_EXPRESSIONS -DUCONFIG_NO_BREAK_ITERATION -Qunused-arguments  conftest.c >&5
configure:4402: $? = 0
configure:4402: /usr/bin/clang -c -fPIC -Qunused-arguments -Wall -Wpointer-arith -Wdeclaration-after-statement -Werror=return-type -Wempty-body -Wsign-compare -Wno-unused -std=gnu99 -fno-common -fno-math-errno -pthread -pipe -g -UDEBUG -DNDEBUG -O3 -fno-stack-protector -Wall -std=c99 -pedantic -Wshadow -Wpointer-arith -Wmissing-prototypes -Wwrite-strings  -DU_USING_ICU_NAMESPACE=0 -DU_NO_DEFAULT_INCLUDE_UTF_HEADERS=1 -DUCONFIG_NO_LEGACY_CONVERSION -DUCONFIG_NO_TRANSLITERATION -DUCONFIG_NO_REGULAR_EXPRESSIONS -DUCONFIG_NO_BREAK_ITERATION -Qunused-arguments  conftest.c >&5
conftest.c:55:24: error: 'test_array' declared as an array with a negative size
static int test_array [1 - 2 * !(((long int) (sizeof (void *))) <= 0)];
                       ^~~~~~~~~~~~~~~~~~~~~~~~~~~~~~~~~~~~~~~~~~~~~~
1 error generated.
configure:4402: $? = 1
configure: failed program was:
| /* confdefs.h */
| #define PACKAGE_NAME ""
| #define PACKAGE_TARNAME ""
| #define PACKAGE_VERSION ""
| #define PACKAGE_STRING ""
| #define PACKAGE_BUGREPORT ""
| #define PACKAGE_URL ""
| #define STDC_HEADERS 1
| #define HAVE_SYS_TYPES_H 1
| #define HAVE_SYS_STAT_H 1
| #define HAVE_STDLIB_H 1
| #define HAVE_STRING_H 1
| #define HAVE_MEMORY_H 1
| #define HAVE_STRINGS_H 1
| #define HAVE_INTTYPES_H 1
| #define HAVE_STDINT_H 1
| #define HAVE_UNISTD_H 1
| /* end confdefs.h.  */
| #include <stdio.h>
| #ifdef HAVE_SYS_TYPES_H
| # include <sys/types.h>
| #endif
| #ifdef HAVE_SYS_STAT_H
| # include <sys/stat.h>
| #endif
| #ifdef STDC_HEADERS
| # include <stdlib.h>
| # include <stddef.h>
| #else
| # ifdef HAVE_STDLIB_H
| #  include <stdlib.h>
| # endif
| #endif
| #ifdef HAVE_STRING_H
| # if !defined STDC_HEADERS && defined HAVE_MEMORY_H
| #  include <memory.h>
| # endif
| # include <string.h>
| #endif
| #ifdef HAVE_STRINGS_H
| # include <strings.h>
| #endif
| #ifdef HAVE_INTTYPES_H
| # include <inttypes.h>
| #endif
| #ifdef HAVE_STDINT_H
| # include <stdint.h>
| #endif
| #ifdef HAVE_UNISTD_H
| # include <unistd.h>
| #endif
| int
| main ()
| {
| static int test_array [1 - 2 * !(((long int) (sizeof (void *))) <= 0)];
| test_array [0] = 0
| 
|   ;
|   return 0;
| }
configure:4402: /usr/bin/clang -c -fPIC -Qunused-arguments -Wall -Wpointer-arith -Wdeclaration-after-statement -Werror=return-type -Wempty-body -Wsign-compare -Wno-unused -std=gnu99 -fno-common -fno-math-errno -pthread -pipe -g -UDEBUG -DNDEBUG -O3 -fno-stack-protector -Wall -std=c99 -pedantic -Wshadow -Wpointer-arith -Wmissing-prototypes -Wwrite-strings  -DU_USING_ICU_NAMESPACE=0 -DU_NO_DEFAULT_INCLUDE_UTF_HEADERS=1 -DUCONFIG_NO_LEGACY_CONVERSION -DUCONFIG_NO_TRANSLITERATION -DUCONFIG_NO_REGULAR_EXPRESSIONS -DUCONFIG_NO_BREAK_ITERATION -Qunused-arguments  conftest.c >&5
conftest.c:55:24: error: 'test_array' declared as an array with a negative size
static int test_array [1 - 2 * !(((long int) (sizeof (void *))) <= 1)];
                       ^~~~~~~~~~~~~~~~~~~~~~~~~~~~~~~~~~~~~~~~~~~~~~
1 error generated.
configure:4402: $? = 1
configure: failed program was:
| /* confdefs.h */
| #define PACKAGE_NAME ""
| #define PACKAGE_TARNAME ""
| #define PACKAGE_VERSION ""
| #define PACKAGE_STRING ""
| #define PACKAGE_BUGREPORT ""
| #define PACKAGE_URL ""
| #define STDC_HEADERS 1
| #define HAVE_SYS_TYPES_H 1
| #define HAVE_SYS_STAT_H 1
| #define HAVE_STDLIB_H 1
| #define HAVE_STRING_H 1
| #define HAVE_MEMORY_H 1
| #define HAVE_STRINGS_H 1
| #define HAVE_INTTYPES_H 1
| #define HAVE_STDINT_H 1
| #define HAVE_UNISTD_H 1
| /* end confdefs.h.  */
| #include <stdio.h>
| #ifdef HAVE_SYS_TYPES_H
| # include <sys/types.h>
| #endif
| #ifdef HAVE_SYS_STAT_H
| # include <sys/stat.h>
| #endif
| #ifdef STDC_HEADERS
| # include <stdlib.h>
| # include <stddef.h>
| #else
| # ifdef HAVE_STDLIB_H
| #  include <stdlib.h>
| # endif
| #endif
| #ifdef HAVE_STRING_H
| # if !defined STDC_HEADERS && defined HAVE_MEMORY_H
| #  include <memory.h>
| # endif
| # include <string.h>
| #endif
| #ifdef HAVE_STRINGS_H
| # include <strings.h>
| #endif
| #ifdef HAVE_INTTYPES_H
| # include <inttypes.h>
| #endif
| #ifdef HAVE_STDINT_H
| # include <stdint.h>
| #endif
| #ifdef HAVE_UNISTD_H
| # include <unistd.h>
| #endif
| int
| main ()
| {
| static int test_array [1 - 2 * !(((long int) (sizeof (void *))) <= 1)];
| test_array [0] = 0
| 
|   ;
|   return 0;
| }
configure:4402: /usr/bin/clang -c -fPIC -Qunused-arguments -Wall -Wpointer-arith -Wdeclaration-after-statement -Werror=return-type -Wempty-body -Wsign-compare -Wno-unused -std=gnu99 -fno-common -fno-math-errno -pthread -pipe -g -UDEBUG -DNDEBUG -O3 -fno-stack-protector -Wall -std=c99 -pedantic -Wshadow -Wpointer-arith -Wmissing-prototypes -Wwrite-strings  -DU_USING_ICU_NAMESPACE=0 -DU_NO_DEFAULT_INCLUDE_UTF_HEADERS=1 -DUCONFIG_NO_LEGACY_CONVERSION -DUCONFIG_NO_TRANSLITERATION -DUCONFIG_NO_REGULAR_EXPRESSIONS -DUCONFIG_NO_BREAK_ITERATION -Qunused-arguments  conftest.c >&5
conftest.c:55:24: error: 'test_array' declared as an array with a negative size
static int test_array [1 - 2 * !(((long int) (sizeof (void *))) <= 3)];
                       ^~~~~~~~~~~~~~~~~~~~~~~~~~~~~~~~~~~~~~~~~~~~~~
1 error generated.
configure:4402: $? = 1
configure: failed program was:
| /* confdefs.h */
| #define PACKAGE_NAME ""
| #define PACKAGE_TARNAME ""
| #define PACKAGE_VERSION ""
| #define PACKAGE_STRING ""
| #define PACKAGE_BUGREPORT ""
| #define PACKAGE_URL ""
| #define STDC_HEADERS 1
| #define HAVE_SYS_TYPES_H 1
| #define HAVE_SYS_STAT_H 1
| #define HAVE_STDLIB_H 1
| #define HAVE_STRING_H 1
| #define HAVE_MEMORY_H 1
| #define HAVE_STRINGS_H 1
| #define HAVE_INTTYPES_H 1
| #define HAVE_STDINT_H 1
| #define HAVE_UNISTD_H 1
| /* end confdefs.h.  */
| #include <stdio.h>
| #ifdef HAVE_SYS_TYPES_H
| # include <sys/types.h>
| #endif
| #ifdef HAVE_SYS_STAT_H
| # include <sys/stat.h>
| #endif
| #ifdef STDC_HEADERS
| # include <stdlib.h>
| # include <stddef.h>
| #else
| # ifdef HAVE_STDLIB_H
| #  include <stdlib.h>
| # endif
| #endif
| #ifdef HAVE_STRING_H
| # if !defined STDC_HEADERS && defined HAVE_MEMORY_H
| #  include <memory.h>
| # endif
| # include <string.h>
| #endif
| #ifdef HAVE_STRINGS_H
| # include <strings.h>
| #endif
| #ifdef HAVE_INTTYPES_H
| # include <inttypes.h>
| #endif
| #ifdef HAVE_STDINT_H
| # include <stdint.h>
| #endif
| #ifdef HAVE_UNISTD_H
| # include <unistd.h>
| #endif
| int
| main ()
| {
| static int test_array [1 - 2 * !(((long int) (sizeof (void *))) <= 3)];
| test_array [0] = 0
| 
|   ;
|   return 0;
| }
configure:4402: /usr/bin/clang -c -fPIC -Qunused-arguments -Wall -Wpointer-arith -Wdeclaration-after-statement -Werror=return-type -Wempty-body -Wsign-compare -Wno-unused -std=gnu99 -fno-common -fno-math-errno -pthread -pipe -g -UDEBUG -DNDEBUG -O3 -fno-stack-protector -Wall -std=c99 -pedantic -Wshadow -Wpointer-arith -Wmissing-prototypes -Wwrite-strings  -DU_USING_ICU_NAMESPACE=0 -DU_NO_DEFAULT_INCLUDE_UTF_HEADERS=1 -DUCONFIG_NO_LEGACY_CONVERSION -DUCONFIG_NO_TRANSLITERATION -DUCONFIG_NO_REGULAR_EXPRESSIONS -DUCONFIG_NO_BREAK_ITERATION -Qunused-arguments  conftest.c >&5
conftest.c:55:24: error: 'test_array' declared as an array with a negative size
static int test_array [1 - 2 * !(((long int) (sizeof (void *))) <= 7)];
                       ^~~~~~~~~~~~~~~~~~~~~~~~~~~~~~~~~~~~~~~~~~~~~~
1 error generated.
configure:4402: $? = 1
configure: failed program was:
| /* confdefs.h */
| #define PACKAGE_NAME ""
| #define PACKAGE_TARNAME ""
| #define PACKAGE_VERSION ""
| #define PACKAGE_STRING ""
| #define PACKAGE_BUGREPORT ""
| #define PACKAGE_URL ""
| #define STDC_HEADERS 1
| #define HAVE_SYS_TYPES_H 1
| #define HAVE_SYS_STAT_H 1
| #define HAVE_STDLIB_H 1
| #define HAVE_STRING_H 1
| #define HAVE_MEMORY_H 1
| #define HAVE_STRINGS_H 1
| #define HAVE_INTTYPES_H 1
| #define HAVE_STDINT_H 1
| #define HAVE_UNISTD_H 1
| /* end confdefs.h.  */
| #include <stdio.h>
| #ifdef HAVE_SYS_TYPES_H
| # include <sys/types.h>
| #endif
| #ifdef HAVE_SYS_STAT_H
| # include <sys/stat.h>
| #endif
| #ifdef STDC_HEADERS
| # include <stdlib.h>
| # include <stddef.h>
| #else
| # ifdef HAVE_STDLIB_H
| #  include <stdlib.h>
| # endif
| #endif
| #ifdef HAVE_STRING_H
| # if !defined STDC_HEADERS && defined HAVE_MEMORY_H
| #  include <memory.h>
| # endif
| # include <string.h>
| #endif
| #ifdef HAVE_STRINGS_H
| # include <strings.h>
| #endif
| #ifdef HAVE_INTTYPES_H
| # include <inttypes.h>
| #endif
| #ifdef HAVE_STDINT_H
| # include <stdint.h>
| #endif
| #ifdef HAVE_UNISTD_H
| # include <unistd.h>
| #endif
| int
| main ()
| {
| static int test_array [1 - 2 * !(((long int) (sizeof (void *))) <= 7)];
| test_array [0] = 0
| 
|   ;
|   return 0;
| }
configure:4402: /usr/bin/clang -c -fPIC -Qunused-arguments -Wall -Wpointer-arith -Wdeclaration-after-statement -Werror=return-type -Wempty-body -Wsign-compare -Wno-unused -std=gnu99 -fno-common -fno-math-errno -pthread -pipe -g -UDEBUG -DNDEBUG -O3 -fno-stack-protector -Wall -std=c99 -pedantic -Wshadow -Wpointer-arith -Wmissing-prototypes -Wwrite-strings  -DU_USING_ICU_NAMESPACE=0 -DU_NO_DEFAULT_INCLUDE_UTF_HEADERS=1 -DUCONFIG_NO_LEGACY_CONVERSION -DUCONFIG_NO_TRANSLITERATION -DUCONFIG_NO_REGULAR_EXPRESSIONS -DUCONFIG_NO_BREAK_ITERATION -Qunused-arguments  conftest.c >&5
configure:4402: $? = 0
configure:4402: /usr/bin/clang -c -fPIC -Qunused-arguments -Wall -Wpointer-arith -Wdeclaration-after-statement -Werror=return-type -Wempty-body -Wsign-compare -Wno-unused -std=gnu99 -fno-common -fno-math-errno -pthread -pipe -g -UDEBUG -DNDEBUG -O3 -fno-stack-protector -Wall -std=c99 -pedantic -Wshadow -Wpointer-arith -Wmissing-prototypes -Wwrite-strings  -DU_USING_ICU_NAMESPACE=0 -DU_NO_DEFAULT_INCLUDE_UTF_HEADERS=1 -DUCONFIG_NO_LEGACY_CONVERSION -DUCONFIG_NO_TRANSLITERATION -DUCONFIG_NO_REGULAR_EXPRESSIONS -DUCONFIG_NO_BREAK_ITERATION -Qunused-arguments  conftest.c >&5
configure:4402: $? = 0
configure:4402: /usr/bin/clang -c -fPIC -Qunused-arguments -Wall -Wpointer-arith -Wdeclaration-after-statement -Werror=return-type -Wempty-body -Wsign-compare -Wno-unused -std=gnu99 -fno-common -fno-math-errno -pthread -pipe -g -UDEBUG -DNDEBUG -O3 -fno-stack-protector -Wall -std=c99 -pedantic -Wshadow -Wpointer-arith -Wmissing-prototypes -Wwrite-strings  -DU_USING_ICU_NAMESPACE=0 -DU_NO_DEFAULT_INCLUDE_UTF_HEADERS=1 -DUCONFIG_NO_LEGACY_CONVERSION -DUCONFIG_NO_TRANSLITERATION -DUCONFIG_NO_REGULAR_EXPRESSIONS -DUCONFIG_NO_BREAK_ITERATION -Qunused-arguments  conftest.c >&5
configure:4402: $? = 0
configure:4402: /usr/bin/clang -c -fPIC -Qunused-arguments -Wall -Wpointer-arith -Wdeclaration-after-statement -Werror=return-type -Wempty-body -Wsign-compare -Wno-unused -std=gnu99 -fno-common -fno-math-errno -pthread -pipe -g -UDEBUG -DNDEBUG -O3 -fno-stack-protector -Wall -std=c99 -pedantic -Wshadow -Wpointer-arith -Wmissing-prototypes -Wwrite-strings  -DU_USING_ICU_NAMESPACE=0 -DU_NO_DEFAULT_INCLUDE_UTF_HEADERS=1 -DUCONFIG_NO_LEGACY_CONVERSION -DUCONFIG_NO_TRANSLITERATION -DUCONFIG_NO_REGULAR_EXPRESSIONS -DUCONFIG_NO_BREAK_ITERATION -Qunused-arguments  conftest.c >&5
configure:4402: $? = 0
configure:4416: result: 8
configure:4426: checking whether runnable 64 bit binaries are built by default
configure:4483: result: yes
configure:4827: checking which Makefile fragment to use for x86_64-apple-darwin10.0.0
configure:4911: result: mh-darwin
configure:4960: checking for floor in -lm
configure:4985: /usr/bin/clang -o conftest -fPIC -Qunused-arguments -Wall -Wpointer-arith -Wdeclaration-after-statement -Werror=return-type -Wempty-body -Wsign-compare -Wno-unused -std=gnu99 -fno-common -fno-math-errno -pthread -pipe -g -UDEBUG -DNDEBUG -O3 -fno-stack-protector -Wall -std=c99 -pedantic -Wshadow -Wpointer-arith -Wmissing-prototypes -Wwrite-strings  -DU_USING_ICU_NAMESPACE=0 -DU_NO_DEFAULT_INCLUDE_UTF_HEADERS=1 -DUCONFIG_NO_LEGACY_CONVERSION -DUCONFIG_NO_TRANSLITERATION -DUCONFIG_NO_REGULAR_EXPRESSIONS -DUCONFIG_NO_BREAK_ITERATION -Qunused-arguments   -framework ExceptionHandling   -lobjc conftest.c -lm   >&5
conftest.c:27:6: warning: incompatible redeclaration of library function 'floor' [-Wincompatible-library-redeclaration]
char floor ();
     ^
conftest.c:27:6: note: 'floor' is a builtin with type 'double (double)'
1 warning generated.
configure:4985: $? = 0
configure:4994: result: yes
configure:5010: checking whether to build shared libraries
configure:5025: result: no
configure:5030: checking whether to build static libraries
configure:5042: result: yes
configure:5050: checking whether we can use static library optimization option
configure:5079: /usr/bin/clang -o conftest -fPIC -Qunused-arguments -Wall -Wpointer-arith -Wdeclaration-after-statement -Werror=return-type -Wempty-body -Wsign-compare -Wno-unused -std=gnu99 -fno-common -fno-math-errno -pthread -pipe -g -UDEBUG -DNDEBUG -O3 -fno-stack-protector -Wall -std=c99 -pedantic -Wshadow -Wpointer-arith -Wmissing-prototypes -Wwrite-strings  -DU_USING_ICU_NAMESPACE=0 -DU_NO_DEFAULT_INCLUDE_UTF_HEADERS=1 -DUCONFIG_NO_LEGACY_CONVERSION -DUCONFIG_NO_TRANSLITERATION -DUCONFIG_NO_REGULAR_EXPRESSIONS -DUCONFIG_NO_BREAK_ITERATION -Qunused-arguments   -framework ExceptionHandling   -lobjc conftest.c -lm  >&5
configure:5079: $? = 0
configure:5086: result: yes
configure:5098: checking whether to enable auto cleanup of libraries
configure:5113: result: no
configure:5152: checking whether to enable draft APIs
configure:5166: result: yes
configure:5177: checking for x86_64-apple-darwin10.0.0-ranlib
configure:5207: result: no
configure:5217: checking for ranlib
configure:5233: found /usr/bin/ranlib
configure:5244: result: ranlib
configure:5256: WARNING: using cross tools not prefixed with host triplet
configure:5271: checking for x86_64-apple-darwin10.0.0-ar
configure:5298: result: ar
configure:5361: checking whether to enable renaming of symbols
configure:5376: result: yes
configure:5380: checking whether to enable function and data tracing
configure:5395: result: no
configure:5402: checking whether to enable dynamic loading of plugins
configure:5420: result: yes
configure:5427: checking dlfcn.h usability
configure:5427: /usr/bin/clang -c -fPIC -Qunused-arguments -Wall -Wpointer-arith -Wdeclaration-after-statement -Werror=return-type -Wempty-body -Wsign-compare -Wno-unused -std=gnu99 -fno-common -fno-math-errno -pthread -pipe -g -UDEBUG -DNDEBUG -O3 -fno-stack-protector -Wall -std=c99 -pedantic -Wshadow -Wpointer-arith -Wmissing-prototypes -Wwrite-strings  -DU_USING_ICU_NAMESPACE=0 -DU_NO_DEFAULT_INCLUDE_UTF_HEADERS=1 -DUCONFIG_NO_LEGACY_CONVERSION -DUCONFIG_NO_TRANSLITERATION -DUCONFIG_NO_REGULAR_EXPRESSIONS -DUCONFIG_NO_BREAK_ITERATION -Qunused-arguments  conftest.c >&5
configure:5427: $? = 0
configure:5427: result: yes
configure:5427: checking dlfcn.h presence
configure:5427: /usr/bin/clang -E  -DU_USING_ICU_NAMESPACE=0 -DU_NO_DEFAULT_INCLUDE_UTF_HEADERS=1 -DUCONFIG_NO_LEGACY_CONVERSION -DUCONFIG_NO_TRANSLITERATION -DUCONFIG_NO_REGULAR_EXPRESSIONS -DUCONFIG_NO_BREAK_ITERATION -Qunused-arguments  conftest.c
configure:5427: $? = 0
configure:5427: result: yes
configure:5427: checking for dlfcn.h
configure:5427: result: yes
configure:5438: checking for library containing dlopen
configure:5469: /usr/bin/clang -o conftest -fPIC -Qunused-arguments -Wall -Wpointer-arith -Wdeclaration-after-statement -Werror=return-type -Wempty-body -Wsign-compare -Wno-unused -std=gnu99 -fno-common -fno-math-errno -pthread -pipe -g -UDEBUG -DNDEBUG -O3 -fno-stack-protector -Wall -std=c99 -pedantic -Wshadow -Wpointer-arith -Wmissing-prototypes -Wwrite-strings  -DU_USING_ICU_NAMESPACE=0 -DU_NO_DEFAULT_INCLUDE_UTF_HEADERS=1 -DUCONFIG_NO_LEGACY_CONVERSION -DUCONFIG_NO_TRANSLITERATION -DUCONFIG_NO_REGULAR_EXPRESSIONS -DUCONFIG_NO_BREAK_ITERATION -Qunused-arguments   -framework ExceptionHandling   -lobjc conftest.c -lm  >&5
configure:5469: $? = 0
configure:5486: result: none required
configure:5496: checking for dlopen
configure:5496: /usr/bin/clang -o conftest -fPIC -Qunused-arguments -Wall -Wpointer-arith -Wdeclaration-after-statement -Werror=return-type -Wempty-body -Wsign-compare -Wno-unused -std=gnu99 -fno-common -fno-math-errno -pthread -pipe -g -UDEBUG -DNDEBUG -O3 -fno-stack-protector -Wall -std=c99 -pedantic -Wshadow -Wpointer-arith -Wmissing-prototypes -Wwrite-strings  -DU_USING_ICU_NAMESPACE=0 -DU_NO_DEFAULT_INCLUDE_UTF_HEADERS=1 -DUCONFIG_NO_LEGACY_CONVERSION -DUCONFIG_NO_TRANSLITERATION -DUCONFIG_NO_REGULAR_EXPRESSIONS -DUCONFIG_NO_BREAK_ITERATION -Qunused-arguments   -framework ExceptionHandling   -lobjc conftest.c -lm  >&5
configure:5496: $? = 0
configure:5496: result: yes
configure:5516: checking for gettimeofday
configure:5516: /usr/bin/clang -o conftest -fPIC -Qunused-arguments -Wall -Wpointer-arith -Wdeclaration-after-statement -Werror=return-type -Wempty-body -Wsign-compare -Wno-unused -std=gnu99 -fno-common -fno-math-errno -pthread -pipe -g -UDEBUG -DNDEBUG -O3 -fno-stack-protector -Wall -std=c99 -pedantic -Wshadow -Wpointer-arith -Wmissing-prototypes -Wwrite-strings  -DU_USING_ICU_NAMESPACE=0 -DU_NO_DEFAULT_INCLUDE_UTF_HEADERS=1 -DUCONFIG_NO_LEGACY_CONVERSION -DUCONFIG_NO_TRANSLITERATION -DUCONFIG_NO_REGULAR_EXPRESSIONS -DUCONFIG_NO_BREAK_ITERATION -Qunused-arguments   -framework ExceptionHandling   -lobjc conftest.c -lm  >&5
configure:5516: $? = 0
configure:5516: result: yes
configure:5550: checking if we have a C++ compiler
configure:5563: /usr/bin/clang++ -c -fPIC -Qunused-arguments -Wall -Wpointer-arith -Woverloaded-virtual -Werror=return-type -Wtype-limits -Wempty-body -Werror=conversion-null -Wsign-compare -Wno-invalid-offsetof -Wno-c++0x-extensions -Wno-extended-offsetof -Wno-unknown-warning-option -Wno-return-type-c-linkage -Wno-mismatched-tags -fno-common -frtti -fno-exceptions -fno-math-errno -std=gnu++0x -pthread -pipe -g -UDEBUG -DNDEBUG -O3 -fno-stack-protector -W -Wall -pedantic -Wpointer-arith -Wwrite-strings -Wno-long-long  -DU_USING_ICU_NAMESPACE=0 -DU_NO_DEFAULT_INCLUDE_UTF_HEADERS=1 -DUCONFIG_NO_LEGACY_CONVERSION -DUCONFIG_NO_TRANSLITERATION -DUCONFIG_NO_REGULAR_EXPRESSIONS -DUCONFIG_NO_BREAK_ITERATION -Qunused-arguments  conftest.cpp >&5
configure:5563: $? = 0
configure:5571: result: Good
configure:5579: checking if #include <string> works
configure:5592: /usr/bin/clang++ -c -fPIC -Qunused-arguments -Wall -Wpointer-arith -Woverloaded-virtual -Werror=return-type -Wtype-limits -Wempty-body -Werror=conversion-null -Wsign-compare -Wno-invalid-offsetof -Wno-c++0x-extensions -Wno-extended-offsetof -Wno-unknown-warning-option -Wno-return-type-c-linkage -Wno-mismatched-tags -fno-common -frtti -fno-exceptions -fno-math-errno -std=gnu++0x -pthread -pipe -g -UDEBUG -DNDEBUG -O3 -fno-stack-protector -W -Wall -pedantic -Wpointer-arith -Wwrite-strings -Wno-long-long  -DU_USING_ICU_NAMESPACE=0 -DU_NO_DEFAULT_INCLUDE_UTF_HEADERS=1 -DUCONFIG_NO_LEGACY_CONVERSION -DUCONFIG_NO_TRANSLITERATION -DUCONFIG_NO_REGULAR_EXPRESSIONS -DUCONFIG_NO_BREAK_ITERATION -Qunused-arguments  conftest.cpp >&5
configure:5592: $? = 0
configure:5598: result: yes
configure:5627: checking for pthread_attr_init in -lpthread
configure:5652: /usr/bin/clang -o conftest -fPIC -Qunused-arguments -Wall -Wpointer-arith -Wdeclaration-after-statement -Werror=return-type -Wempty-body -Wsign-compare -Wno-unused -std=gnu99 -fno-common -fno-math-errno -pthread -pipe -g -UDEBUG -DNDEBUG -O3 -fno-stack-protector -Wall -std=c99 -pedantic -Wshadow -Wpointer-arith -Wmissing-prototypes -Wwrite-strings  -DU_USING_ICU_NAMESPACE=0 -DU_NO_DEFAULT_INCLUDE_UTF_HEADERS=1 -DUCONFIG_NO_LEGACY_CONVERSION -DUCONFIG_NO_TRANSLITERATION -DUCONFIG_NO_REGULAR_EXPRESSIONS -DUCONFIG_NO_BREAK_ITERATION -Qunused-arguments   -framework ExceptionHandling   -lobjc conftest.c -lpthread  -lm  >&5
configure:5652: $? = 0
configure:5661: result: yes
configure:5864: checking for mmap
configure:5883: /usr/bin/clang -o conftest -fPIC -Qunused-arguments -Wall -Wpointer-arith -Wdeclaration-after-statement -Werror=return-type -Wempty-body -Wsign-compare -Wno-unused -std=gnu99 -fno-common -fno-math-errno -pthread -pipe -g -UDEBUG -DNDEBUG -O3 -fno-stack-protector -Wall -std=c99 -pedantic -Wshadow -Wpointer-arith -Wmissing-prototypes -Wwrite-strings  -DU_USING_ICU_NAMESPACE=0 -DU_NO_DEFAULT_INCLUDE_UTF_HEADERS=1 -DUCONFIG_NO_LEGACY_CONVERSION -DUCONFIG_NO_TRANSLITERATION -DUCONFIG_NO_REGULAR_EXPRESSIONS -DUCONFIG_NO_BREAK_ITERATION -Qunused-arguments   -framework ExceptionHandling   -lobjc conftest.c -lpthread -lm  >&5
configure:5883: $? = 0
configure:5892: result: yes
configure:5902: checking for genccode assembly
configure:5936: result: 
configure:5942: checking for inttypes.h
configure:5942: result: yes
configure:5971: checking dirent.h usability
configure:5971: /usr/bin/clang -c -fPIC -Qunused-arguments -Wall -Wpointer-arith -Wdeclaration-after-statement -Werror=return-type -Wempty-body -Wsign-compare -Wno-unused -std=gnu99 -fno-common -fno-math-errno -pthread -pipe -g -UDEBUG -DNDEBUG -O3 -fno-stack-protector -Wall -std=c99 -pedantic -Wshadow -Wpointer-arith -Wmissing-prototypes -Wwrite-strings  -DU_USING_ICU_NAMESPACE=0 -DU_NO_DEFAULT_INCLUDE_UTF_HEADERS=1 -DUCONFIG_NO_LEGACY_CONVERSION -DUCONFIG_NO_TRANSLITERATION -DUCONFIG_NO_REGULAR_EXPRESSIONS -DUCONFIG_NO_BREAK_ITERATION -Qunused-arguments  conftest.c >&5
configure:5971: $? = 0
configure:5971: result: yes
configure:5971: checking dirent.h presence
configure:5971: /usr/bin/clang -E  -DU_USING_ICU_NAMESPACE=0 -DU_NO_DEFAULT_INCLUDE_UTF_HEADERS=1 -DUCONFIG_NO_LEGACY_CONVERSION -DUCONFIG_NO_TRANSLITERATION -DUCONFIG_NO_REGULAR_EXPRESSIONS -DUCONFIG_NO_BREAK_ITERATION -Qunused-arguments  conftest.c
configure:5971: $? = 0
configure:5971: result: yes
configure:5971: checking for dirent.h
configure:5971: result: yes
configure:5991: checking whether byte ordering is bigendian
configure:6006: /usr/bin/clang -c -fPIC -Qunused-arguments -Wall -Wpointer-arith -Wdeclaration-after-statement -Werror=return-type -Wempty-body -Wsign-compare -Wno-unused -std=gnu99 -fno-common -fno-math-errno -pthread -pipe -g -UDEBUG -DNDEBUG -O3 -fno-stack-protector -Wall -std=c99 -pedantic -Wshadow -Wpointer-arith -Wmissing-prototypes -Wwrite-strings  -DU_USING_ICU_NAMESPACE=0 -DU_NO_DEFAULT_INCLUDE_UTF_HEADERS=1 -DUCONFIG_NO_LEGACY_CONVERSION -DUCONFIG_NO_TRANSLITERATION -DUCONFIG_NO_REGULAR_EXPRESSIONS -DUCONFIG_NO_BREAK_ITERATION -Qunused-arguments  conftest.c >&5
configure:6006: $? = 0
configure:6051: /usr/bin/clang -c -fPIC -Qunused-arguments -Wall -Wpointer-arith -Wdeclaration-after-statement -Werror=return-type -Wempty-body -Wsign-compare -Wno-unused -std=gnu99 -fno-common -fno-math-errno -pthread -pipe -g -UDEBUG -DNDEBUG -O3 -fno-stack-protector -Wall -std=c99 -pedantic -Wshadow -Wpointer-arith -Wmissing-prototypes -Wwrite-strings  -DU_USING_ICU_NAMESPACE=0 -DU_NO_DEFAULT_INCLUDE_UTF_HEADERS=1 -DUCONFIG_NO_LEGACY_CONVERSION -DUCONFIG_NO_TRANSLITERATION -DUCONFIG_NO_REGULAR_EXPRESSIONS -DUCONFIG_NO_BREAK_ITERATION -Qunused-arguments  conftest.c >&5
configure:6051: $? = 0
configure:6069: /usr/bin/clang -c -fPIC -Qunused-arguments -Wall -Wpointer-arith -Wdeclaration-after-statement -Werror=return-type -Wempty-body -Wsign-compare -Wno-unused -std=gnu99 -fno-common -fno-math-errno -pthread -pipe -g -UDEBUG -DNDEBUG -O3 -fno-stack-protector -Wall -std=c99 -pedantic -Wshadow -Wpointer-arith -Wmissing-prototypes -Wwrite-strings  -DU_USING_ICU_NAMESPACE=0 -DU_NO_DEFAULT_INCLUDE_UTF_HEADERS=1 -DUCONFIG_NO_LEGACY_CONVERSION -DUCONFIG_NO_TRANSLITERATION -DUCONFIG_NO_REGULAR_EXPRESSIONS -DUCONFIG_NO_BREAK_ITERATION -Qunused-arguments  conftest.c >&5
conftest.c:34:4: error: use of undeclared identifier 'not'
                 not big endian
                 ^
1 error generated.
configure:6069: $? = 1
configure: failed program was:
| /* confdefs.h */
| #define PACKAGE_NAME ""
| #define PACKAGE_TARNAME ""
| #define PACKAGE_VERSION ""
| #define PACKAGE_STRING ""
| #define PACKAGE_BUGREPORT ""
| #define PACKAGE_URL ""
| #define STDC_HEADERS 1
| #define HAVE_SYS_TYPES_H 1
| #define HAVE_SYS_STAT_H 1
| #define HAVE_STDLIB_H 1
| #define HAVE_STRING_H 1
| #define HAVE_MEMORY_H 1
| #define HAVE_STRINGS_H 1
| #define HAVE_INTTYPES_H 1
| #define HAVE_STDINT_H 1
| #define HAVE_UNISTD_H 1
| #define SIZEOF_VOID_P 8
| #define HAVE_LIBM 1
| #define HAVE_DLFCN_H 1
| #define HAVE_DLOPEN 1
| #define HAVE_GETTIMEOFDAY 1
| #define HAVE_LIBPTHREAD 1
| #define HAVE_INTTYPES_H 1
| #define HAVE_DIRENT_H 1
| /* end confdefs.h.  */
| #include <sys/types.h>
| 		#include <sys/param.h>
| 
| int
| main ()
| {
| #if BYTE_ORDER != BIG_ENDIAN
| 		 not big endian
| 		#endif
| 
|   ;
|   return 0;
| }
configure:6197: result: no
configure:6227: checking for nl_langinfo
configure:6227: /usr/bin/clang -o conftest -fPIC -Qunused-arguments -Wall -Wpointer-arith -Wdeclaration-after-statement -Werror=return-type -Wempty-body -Wsign-compare -Wno-unused -std=gnu99 -fno-common -fno-math-errno -pthread -pipe -g -UDEBUG -DNDEBUG -O3 -fno-stack-protector -Wall -std=c99 -pedantic -Wshadow -Wpointer-arith -Wmissing-prototypes -Wwrite-strings  -DU_USING_ICU_NAMESPACE=0 -DU_NO_DEFAULT_INCLUDE_UTF_HEADERS=1 -DUCONFIG_NO_LEGACY_CONVERSION -DUCONFIG_NO_TRANSLITERATION -DUCONFIG_NO_REGULAR_EXPRESSIONS -DUCONFIG_NO_BREAK_ITERATION -Qunused-arguments   -framework ExceptionHandling   -lobjc conftest.c -lpthread -lm  >&5
configure:6227: $? = 0
configure:6227: result: yes
configure:6235: checking for nl_langinfo's argument to obtain the codeset
configure:6253: /usr/bin/clang -o conftest -fPIC -Qunused-arguments -Wall -Wpointer-arith -Wdeclaration-after-statement -Werror=return-type -Wempty-body -Wsign-compare -Wno-unused -std=gnu99 -fno-common -fno-math-errno -pthread -pipe -g -UDEBUG -DNDEBUG -O3 -fno-stack-protector -Wall -std=c99 -pedantic -Wshadow -Wpointer-arith -Wmissing-prototypes -Wwrite-strings  -DU_USING_ICU_NAMESPACE=0 -DU_NO_DEFAULT_INCLUDE_UTF_HEADERS=1 -DUCONFIG_NO_LEGACY_CONVERSION -DUCONFIG_NO_TRANSLITERATION -DUCONFIG_NO_REGULAR_EXPRESSIONS -DUCONFIG_NO_BREAK_ITERATION -Qunused-arguments   -framework ExceptionHandling   -lobjc conftest.c -lpthread -lm  >&5
configure:6253: $? = 0
configure:6260: result: CODESET
configure:6284: checking for namespace support
configure:6303: /usr/bin/clang++ -o conftest -fPIC -Qunused-arguments -Wall -Wpointer-arith -Woverloaded-virtual -Werror=return-type -Wtype-limits -Wempty-body -Werror=conversion-null -Wsign-compare -Wno-invalid-offsetof -Wno-c++0x-extensions -Wno-extended-offsetof -Wno-unknown-warning-option -Wno-return-type-c-linkage -Wno-mismatched-tags -fno-common -frtti -fno-exceptions -fno-math-errno -std=gnu++0x -pthread -pipe -g -UDEBUG -DNDEBUG -O3 -fno-stack-protector -W -Wall -pedantic -Wpointer-arith -Wwrite-strings -Wno-long-long  -DU_USING_ICU_NAMESPACE=0 -DU_NO_DEFAULT_INCLUDE_UTF_HEADERS=1 -DUCONFIG_NO_LEGACY_CONVERSION -DUCONFIG_NO_TRANSLITERATION -DUCONFIG_NO_REGULAR_EXPRESSIONS -DUCONFIG_NO_BREAK_ITERATION -Qunused-arguments   -framework ExceptionHandling   -lobjc conftest.cpp -lpthread -lm  >&5
configure:6303: $? = 0
configure:6312: result: yes
configure:6319: checking for properly overriding new and delete
configure:6345: /usr/bin/clang++ -o conftest -fPIC -Qunused-arguments -Wall -Wpointer-arith -Woverloaded-virtual -Werror=return-type -Wtype-limits -Wempty-body -Werror=conversion-null -Wsign-compare -Wno-invalid-offsetof -Wno-c++0x-extensions -Wno-extended-offsetof -Wno-unknown-warning-option -Wno-return-type-c-linkage -Wno-mismatched-tags -fno-common -frtti -fno-exceptions -fno-math-errno -std=gnu++0x -pthread -pipe -g -UDEBUG -DNDEBUG -O3 -fno-stack-protector -W -Wall -pedantic -Wpointer-arith -Wwrite-strings -Wno-long-long  -DU_USING_ICU_NAMESPACE=0 -DU_NO_DEFAULT_INCLUDE_UTF_HEADERS=1 -DUCONFIG_NO_LEGACY_CONVERSION -DUCONFIG_NO_TRANSLITERATION -DUCONFIG_NO_REGULAR_EXPRESSIONS -DUCONFIG_NO_BREAK_ITERATION -Qunused-arguments   -framework ExceptionHandling   -lobjc conftest.cpp -lpthread -lm  >&5
configure:6345: $? = 0
configure:6354: result: yes
configure:6359: checking for placement new and delete
configure:6385: /usr/bin/clang++ -o conftest -fPIC -Qunused-arguments -Wall -Wpointer-arith -Woverloaded-virtual -Werror=return-type -Wtype-limits -Wempty-body -Werror=conversion-null -Wsign-compare -Wno-invalid-offsetof -Wno-c++0x-extensions -Wno-extended-offsetof -Wno-unknown-warning-option -Wno-return-type-c-linkage -Wno-mismatched-tags -fno-common -frtti -fno-exceptions -fno-math-errno -std=gnu++0x -pthread -pipe -g -UDEBUG -DNDEBUG -O3 -fno-stack-protector -W -Wall -pedantic -Wpointer-arith -Wwrite-strings -Wno-long-long  -DU_USING_ICU_NAMESPACE=0 -DU_NO_DEFAULT_INCLUDE_UTF_HEADERS=1 -DUCONFIG_NO_LEGACY_CONVERSION -DUCONFIG_NO_TRANSLITERATION -DUCONFIG_NO_REGULAR_EXPRESSIONS -DUCONFIG_NO_BREAK_ITERATION -Qunused-arguments   -framework ExceptionHandling   -lobjc conftest.cpp -lpthread -lm  >&5
configure:6385: $? = 0
configure:6394: result: yes
configure:6414: checking for popen
configure:6414: /usr/bin/clang -o conftest -fPIC -Qunused-arguments -Wall -Wpointer-arith -Wdeclaration-after-statement -Werror=return-type -Wempty-body -Wsign-compare -Wno-unused -std=gnu99 -fno-common -fno-math-errno -pthread -pipe -g -UDEBUG -DNDEBUG -O3 -fno-stack-protector -Wall -std=c99 -pedantic -Wshadow -Wpointer-arith -Wmissing-prototypes -Wwrite-strings  -DU_USING_ICU_NAMESPACE=0 -DU_NO_DEFAULT_INCLUDE_UTF_HEADERS=1 -DUCONFIG_NO_LEGACY_CONVERSION -DUCONFIG_NO_TRANSLITERATION -DUCONFIG_NO_REGULAR_EXPRESSIONS -DUCONFIG_NO_BREAK_ITERATION -Qunused-arguments   -framework ExceptionHandling   -lobjc conftest.c -lpthread -lm  >&5
configure:6414: $? = 0
configure:6414: result: yes
configure:6428: checking for tzset
configure:6428: /usr/bin/clang -o conftest -fPIC -Qunused-arguments -Wall -Wpointer-arith -Wdeclaration-after-statement -Werror=return-type -Wempty-body -Wsign-compare -Wno-unused -std=gnu99 -fno-common -fno-math-errno -pthread -pipe -g -UDEBUG -DNDEBUG -O3 -fno-stack-protector -Wall -std=c99 -pedantic -Wshadow -Wpointer-arith -Wmissing-prototypes -Wwrite-strings  -DU_USING_ICU_NAMESPACE=0 -DU_NO_DEFAULT_INCLUDE_UTF_HEADERS=1 -DUCONFIG_NO_LEGACY_CONVERSION -DUCONFIG_NO_TRANSLITERATION -DUCONFIG_NO_REGULAR_EXPRESSIONS -DUCONFIG_NO_BREAK_ITERATION -Qunused-arguments   -framework ExceptionHandling   -lobjc conftest.c -lpthread -lm  >&5
configure:6428: $? = 0
configure:6428: result: yes
configure:6456: checking for tzname
configure:6479: /usr/bin/clang -o conftest -fPIC -Qunused-arguments -Wall -Wpointer-arith -Wdeclaration-after-statement -Werror=return-type -Wempty-body -Wsign-compare -Wno-unused -std=gnu99 -fno-common -fno-math-errno -pthread -pipe -g -UDEBUG -DNDEBUG -O3 -fno-stack-protector -Wall -std=c99 -pedantic -Wshadow -Wpointer-arith -Wmissing-prototypes -Wwrite-strings  -DU_USING_ICU_NAMESPACE=0 -DU_NO_DEFAULT_INCLUDE_UTF_HEADERS=1 -DUCONFIG_NO_LEGACY_CONVERSION -DUCONFIG_NO_TRANSLITERATION -DUCONFIG_NO_REGULAR_EXPRESSIONS -DUCONFIG_NO_BREAK_ITERATION -Qunused-arguments   -framework ExceptionHandling   -lobjc conftest.c -lpthread -lm  >&5
configure:6479: $? = 0
configure:6487: result: yes
configure:6531: checking for timezone
configure:6554: /usr/bin/clang -o conftest -fPIC -Qunused-arguments -Wall -Wpointer-arith -Wdeclaration-after-statement -Werror=return-type -Wempty-body -Wsign-compare -Wno-unused -std=gnu99 -fno-common -fno-math-errno -pthread -pipe -g -UDEBUG -DNDEBUG -O3 -fno-stack-protector -Wall -std=c99 -pedantic -Wshadow -Wpointer-arith -Wmissing-prototypes -Wwrite-strings  -DU_USING_ICU_NAMESPACE=0 -DU_NO_DEFAULT_INCLUDE_UTF_HEADERS=1 -DUCONFIG_NO_LEGACY_CONVERSION -DUCONFIG_NO_TRANSLITERATION -DUCONFIG_NO_REGULAR_EXPRESSIONS -DUCONFIG_NO_BREAK_ITERATION -Qunused-arguments   -framework ExceptionHandling   -lobjc conftest.c -lpthread -lm  >&5
configure:6554: $? = 0
configure:6562: result: yes
configure:6637: checking for int8_t
configure:6637: /usr/bin/clang -c -fPIC -Qunused-arguments -Wall -Wpointer-arith -Wdeclaration-after-statement -Werror=return-type -Wempty-body -Wsign-compare -Wno-unused -std=gnu99 -fno-common -fno-math-errno -pthread -pipe -g -UDEBUG -DNDEBUG -O3 -fno-stack-protector -Wall -std=c99 -pedantic -Wshadow -Wpointer-arith -Wmissing-prototypes -Wwrite-strings  -DU_USING_ICU_NAMESPACE=0 -DU_NO_DEFAULT_INCLUDE_UTF_HEADERS=1 -DUCONFIG_NO_LEGACY_CONVERSION -DUCONFIG_NO_TRANSLITERATION -DUCONFIG_NO_REGULAR_EXPRESSIONS -DUCONFIG_NO_BREAK_ITERATION -Qunused-arguments  conftest.c >&5
configure:6637: $? = 0
configure:6637: /usr/bin/clang -c -fPIC -Qunused-arguments -Wall -Wpointer-arith -Wdeclaration-after-statement -Werror=return-type -Wempty-body -Wsign-compare -Wno-unused -std=gnu99 -fno-common -fno-math-errno -pthread -pipe -g -UDEBUG -DNDEBUG -O3 -fno-stack-protector -Wall -std=c99 -pedantic -Wshadow -Wpointer-arith -Wmissing-prototypes -Wwrite-strings  -DU_USING_ICU_NAMESPACE=0 -DU_NO_DEFAULT_INCLUDE_UTF_HEADERS=1 -DUCONFIG_NO_LEGACY_CONVERSION -DUCONFIG_NO_TRANSLITERATION -DUCONFIG_NO_REGULAR_EXPRESSIONS -DUCONFIG_NO_BREAK_ITERATION -Qunused-arguments  conftest.c >&5
conftest.c:63:21: error: expected expression
if (sizeof ((int8_t)))
                    ^
1 error generated.
configure:6637: $? = 1
configure: failed program was:
| /* confdefs.h */
| #define PACKAGE_NAME ""
| #define PACKAGE_TARNAME ""
| #define PACKAGE_VERSION ""
| #define PACKAGE_STRING ""
| #define PACKAGE_BUGREPORT ""
| #define PACKAGE_URL ""
| #define STDC_HEADERS 1
| #define HAVE_SYS_TYPES_H 1
| #define HAVE_SYS_STAT_H 1
| #define HAVE_STDLIB_H 1
| #define HAVE_STRING_H 1
| #define HAVE_MEMORY_H 1
| #define HAVE_STRINGS_H 1
| #define HAVE_INTTYPES_H 1
| #define HAVE_STDINT_H 1
| #define HAVE_UNISTD_H 1
| #define SIZEOF_VOID_P 8
| #define HAVE_LIBM 1
| #define HAVE_DLFCN_H 1
| #define HAVE_DLOPEN 1
| #define HAVE_GETTIMEOFDAY 1
| #define HAVE_LIBPTHREAD 1
| #define HAVE_INTTYPES_H 1
| #define HAVE_DIRENT_H 1
| /* end confdefs.h.  */
| #include <stdio.h>
| #ifdef HAVE_SYS_TYPES_H
| # include <sys/types.h>
| #endif
| #ifdef HAVE_SYS_STAT_H
| # include <sys/stat.h>
| #endif
| #ifdef STDC_HEADERS
| # include <stdlib.h>
| # include <stddef.h>
| #else
| # ifdef HAVE_STDLIB_H
| #  include <stdlib.h>
| # endif
| #endif
| #ifdef HAVE_STRING_H
| # if !defined STDC_HEADERS && defined HAVE_MEMORY_H
| #  include <memory.h>
| # endif
| # include <string.h>
| #endif
| #ifdef HAVE_STRINGS_H
| # include <strings.h>
| #endif
| #ifdef HAVE_INTTYPES_H
| # include <inttypes.h>
| #endif
| #ifdef HAVE_STDINT_H
| # include <stdint.h>
| #endif
| #ifdef HAVE_UNISTD_H
| # include <unistd.h>
| #endif
| int
| main ()
| {
| if (sizeof ((int8_t)))
| 	    return 0;
|   ;
|   return 0;
| }
configure:6637: result: yes
configure:6648: checking for uint8_t
configure:6648: /usr/bin/clang -c -fPIC -Qunused-arguments -Wall -Wpointer-arith -Wdeclaration-after-statement -Werror=return-type -Wempty-body -Wsign-compare -Wno-unused -std=gnu99 -fno-common -fno-math-errno -pthread -pipe -g -UDEBUG -DNDEBUG -O3 -fno-stack-protector -Wall -std=c99 -pedantic -Wshadow -Wpointer-arith -Wmissing-prototypes -Wwrite-strings  -DU_USING_ICU_NAMESPACE=0 -DU_NO_DEFAULT_INCLUDE_UTF_HEADERS=1 -DUCONFIG_NO_LEGACY_CONVERSION -DUCONFIG_NO_TRANSLITERATION -DUCONFIG_NO_REGULAR_EXPRESSIONS -DUCONFIG_NO_BREAK_ITERATION -Qunused-arguments  conftest.c >&5
configure:6648: $? = 0
configure:6648: /usr/bin/clang -c -fPIC -Qunused-arguments -Wall -Wpointer-arith -Wdeclaration-after-statement -Werror=return-type -Wempty-body -Wsign-compare -Wno-unused -std=gnu99 -fno-common -fno-math-errno -pthread -pipe -g -UDEBUG -DNDEBUG -O3 -fno-stack-protector -Wall -std=c99 -pedantic -Wshadow -Wpointer-arith -Wmissing-prototypes -Wwrite-strings  -DU_USING_ICU_NAMESPACE=0 -DU_NO_DEFAULT_INCLUDE_UTF_HEADERS=1 -DUCONFIG_NO_LEGACY_CONVERSION -DUCONFIG_NO_TRANSLITERATION -DUCONFIG_NO_REGULAR_EXPRESSIONS -DUCONFIG_NO_BREAK_ITERATION -Qunused-arguments  conftest.c >&5
conftest.c:63:22: error: expected expression
if (sizeof ((uint8_t)))
                     ^
1 error generated.
configure:6648: $? = 1
configure: failed program was:
| /* confdefs.h */
| #define PACKAGE_NAME ""
| #define PACKAGE_TARNAME ""
| #define PACKAGE_VERSION ""
| #define PACKAGE_STRING ""
| #define PACKAGE_BUGREPORT ""
| #define PACKAGE_URL ""
| #define STDC_HEADERS 1
| #define HAVE_SYS_TYPES_H 1
| #define HAVE_SYS_STAT_H 1
| #define HAVE_STDLIB_H 1
| #define HAVE_STRING_H 1
| #define HAVE_MEMORY_H 1
| #define HAVE_STRINGS_H 1
| #define HAVE_INTTYPES_H 1
| #define HAVE_STDINT_H 1
| #define HAVE_UNISTD_H 1
| #define SIZEOF_VOID_P 8
| #define HAVE_LIBM 1
| #define HAVE_DLFCN_H 1
| #define HAVE_DLOPEN 1
| #define HAVE_GETTIMEOFDAY 1
| #define HAVE_LIBPTHREAD 1
| #define HAVE_INTTYPES_H 1
| #define HAVE_DIRENT_H 1
| /* end confdefs.h.  */
| #include <stdio.h>
| #ifdef HAVE_SYS_TYPES_H
| # include <sys/types.h>
| #endif
| #ifdef HAVE_SYS_STAT_H
| # include <sys/stat.h>
| #endif
| #ifdef STDC_HEADERS
| # include <stdlib.h>
| # include <stddef.h>
| #else
| # ifdef HAVE_STDLIB_H
| #  include <stdlib.h>
| # endif
| #endif
| #ifdef HAVE_STRING_H
| # if !defined STDC_HEADERS && defined HAVE_MEMORY_H
| #  include <memory.h>
| # endif
| # include <string.h>
| #endif
| #ifdef HAVE_STRINGS_H
| # include <strings.h>
| #endif
| #ifdef HAVE_INTTYPES_H
| # include <inttypes.h>
| #endif
| #ifdef HAVE_STDINT_H
| # include <stdint.h>
| #endif
| #ifdef HAVE_UNISTD_H
| # include <unistd.h>
| #endif
| int
| main ()
| {
| if (sizeof ((uint8_t)))
| 	    return 0;
|   ;
|   return 0;
| }
configure:6648: result: yes
configure:6659: checking for int16_t
configure:6659: /usr/bin/clang -c -fPIC -Qunused-arguments -Wall -Wpointer-arith -Wdeclaration-after-statement -Werror=return-type -Wempty-body -Wsign-compare -Wno-unused -std=gnu99 -fno-common -fno-math-errno -pthread -pipe -g -UDEBUG -DNDEBUG -O3 -fno-stack-protector -Wall -std=c99 -pedantic -Wshadow -Wpointer-arith -Wmissing-prototypes -Wwrite-strings  -DU_USING_ICU_NAMESPACE=0 -DU_NO_DEFAULT_INCLUDE_UTF_HEADERS=1 -DUCONFIG_NO_LEGACY_CONVERSION -DUCONFIG_NO_TRANSLITERATION -DUCONFIG_NO_REGULAR_EXPRESSIONS -DUCONFIG_NO_BREAK_ITERATION -Qunused-arguments  conftest.c >&5
configure:6659: $? = 0
configure:6659: /usr/bin/clang -c -fPIC -Qunused-arguments -Wall -Wpointer-arith -Wdeclaration-after-statement -Werror=return-type -Wempty-body -Wsign-compare -Wno-unused -std=gnu99 -fno-common -fno-math-errno -pthread -pipe -g -UDEBUG -DNDEBUG -O3 -fno-stack-protector -Wall -std=c99 -pedantic -Wshadow -Wpointer-arith -Wmissing-prototypes -Wwrite-strings  -DU_USING_ICU_NAMESPACE=0 -DU_NO_DEFAULT_INCLUDE_UTF_HEADERS=1 -DUCONFIG_NO_LEGACY_CONVERSION -DUCONFIG_NO_TRANSLITERATION -DUCONFIG_NO_REGULAR_EXPRESSIONS -DUCONFIG_NO_BREAK_ITERATION -Qunused-arguments  conftest.c >&5
conftest.c:63:22: error: expected expression
if (sizeof ((int16_t)))
                     ^
1 error generated.
configure:6659: $? = 1
configure: failed program was:
| /* confdefs.h */
| #define PACKAGE_NAME ""
| #define PACKAGE_TARNAME ""
| #define PACKAGE_VERSION ""
| #define PACKAGE_STRING ""
| #define PACKAGE_BUGREPORT ""
| #define PACKAGE_URL ""
| #define STDC_HEADERS 1
| #define HAVE_SYS_TYPES_H 1
| #define HAVE_SYS_STAT_H 1
| #define HAVE_STDLIB_H 1
| #define HAVE_STRING_H 1
| #define HAVE_MEMORY_H 1
| #define HAVE_STRINGS_H 1
| #define HAVE_INTTYPES_H 1
| #define HAVE_STDINT_H 1
| #define HAVE_UNISTD_H 1
| #define SIZEOF_VOID_P 8
| #define HAVE_LIBM 1
| #define HAVE_DLFCN_H 1
| #define HAVE_DLOPEN 1
| #define HAVE_GETTIMEOFDAY 1
| #define HAVE_LIBPTHREAD 1
| #define HAVE_INTTYPES_H 1
| #define HAVE_DIRENT_H 1
| /* end confdefs.h.  */
| #include <stdio.h>
| #ifdef HAVE_SYS_TYPES_H
| # include <sys/types.h>
| #endif
| #ifdef HAVE_SYS_STAT_H
| # include <sys/stat.h>
| #endif
| #ifdef STDC_HEADERS
| # include <stdlib.h>
| # include <stddef.h>
| #else
| # ifdef HAVE_STDLIB_H
| #  include <stdlib.h>
| # endif
| #endif
| #ifdef HAVE_STRING_H
| # if !defined STDC_HEADERS && defined HAVE_MEMORY_H
| #  include <memory.h>
| # endif
| # include <string.h>
| #endif
| #ifdef HAVE_STRINGS_H
| # include <strings.h>
| #endif
| #ifdef HAVE_INTTYPES_H
| # include <inttypes.h>
| #endif
| #ifdef HAVE_STDINT_H
| # include <stdint.h>
| #endif
| #ifdef HAVE_UNISTD_H
| # include <unistd.h>
| #endif
| int
| main ()
| {
| if (sizeof ((int16_t)))
| 	    return 0;
|   ;
|   return 0;
| }
configure:6659: result: yes
configure:6670: checking for uint16_t
configure:6670: /usr/bin/clang -c -fPIC -Qunused-arguments -Wall -Wpointer-arith -Wdeclaration-after-statement -Werror=return-type -Wempty-body -Wsign-compare -Wno-unused -std=gnu99 -fno-common -fno-math-errno -pthread -pipe -g -UDEBUG -DNDEBUG -O3 -fno-stack-protector -Wall -std=c99 -pedantic -Wshadow -Wpointer-arith -Wmissing-prototypes -Wwrite-strings  -DU_USING_ICU_NAMESPACE=0 -DU_NO_DEFAULT_INCLUDE_UTF_HEADERS=1 -DUCONFIG_NO_LEGACY_CONVERSION -DUCONFIG_NO_TRANSLITERATION -DUCONFIG_NO_REGULAR_EXPRESSIONS -DUCONFIG_NO_BREAK_ITERATION -Qunused-arguments  conftest.c >&5
configure:6670: $? = 0
configure:6670: /usr/bin/clang -c -fPIC -Qunused-arguments -Wall -Wpointer-arith -Wdeclaration-after-statement -Werror=return-type -Wempty-body -Wsign-compare -Wno-unused -std=gnu99 -fno-common -fno-math-errno -pthread -pipe -g -UDEBUG -DNDEBUG -O3 -fno-stack-protector -Wall -std=c99 -pedantic -Wshadow -Wpointer-arith -Wmissing-prototypes -Wwrite-strings  -DU_USING_ICU_NAMESPACE=0 -DU_NO_DEFAULT_INCLUDE_UTF_HEADERS=1 -DUCONFIG_NO_LEGACY_CONVERSION -DUCONFIG_NO_TRANSLITERATION -DUCONFIG_NO_REGULAR_EXPRESSIONS -DUCONFIG_NO_BREAK_ITERATION -Qunused-arguments  conftest.c >&5
conftest.c:63:23: error: expected expression
if (sizeof ((uint16_t)))
                      ^
1 error generated.
configure:6670: $? = 1
configure: failed program was:
| /* confdefs.h */
| #define PACKAGE_NAME ""
| #define PACKAGE_TARNAME ""
| #define PACKAGE_VERSION ""
| #define PACKAGE_STRING ""
| #define PACKAGE_BUGREPORT ""
| #define PACKAGE_URL ""
| #define STDC_HEADERS 1
| #define HAVE_SYS_TYPES_H 1
| #define HAVE_SYS_STAT_H 1
| #define HAVE_STDLIB_H 1
| #define HAVE_STRING_H 1
| #define HAVE_MEMORY_H 1
| #define HAVE_STRINGS_H 1
| #define HAVE_INTTYPES_H 1
| #define HAVE_STDINT_H 1
| #define HAVE_UNISTD_H 1
| #define SIZEOF_VOID_P 8
| #define HAVE_LIBM 1
| #define HAVE_DLFCN_H 1
| #define HAVE_DLOPEN 1
| #define HAVE_GETTIMEOFDAY 1
| #define HAVE_LIBPTHREAD 1
| #define HAVE_INTTYPES_H 1
| #define HAVE_DIRENT_H 1
| /* end confdefs.h.  */
| #include <stdio.h>
| #ifdef HAVE_SYS_TYPES_H
| # include <sys/types.h>
| #endif
| #ifdef HAVE_SYS_STAT_H
| # include <sys/stat.h>
| #endif
| #ifdef STDC_HEADERS
| # include <stdlib.h>
| # include <stddef.h>
| #else
| # ifdef HAVE_STDLIB_H
| #  include <stdlib.h>
| # endif
| #endif
| #ifdef HAVE_STRING_H
| # if !defined STDC_HEADERS && defined HAVE_MEMORY_H
| #  include <memory.h>
| # endif
| # include <string.h>
| #endif
| #ifdef HAVE_STRINGS_H
| # include <strings.h>
| #endif
| #ifdef HAVE_INTTYPES_H
| # include <inttypes.h>
| #endif
| #ifdef HAVE_STDINT_H
| # include <stdint.h>
| #endif
| #ifdef HAVE_UNISTD_H
| # include <unistd.h>
| #endif
| int
| main ()
| {
| if (sizeof ((uint16_t)))
| 	    return 0;
|   ;
|   return 0;
| }
configure:6670: result: yes
configure:6681: checking for int32_t
configure:6681: /usr/bin/clang -c -fPIC -Qunused-arguments -Wall -Wpointer-arith -Wdeclaration-after-statement -Werror=return-type -Wempty-body -Wsign-compare -Wno-unused -std=gnu99 -fno-common -fno-math-errno -pthread -pipe -g -UDEBUG -DNDEBUG -O3 -fno-stack-protector -Wall -std=c99 -pedantic -Wshadow -Wpointer-arith -Wmissing-prototypes -Wwrite-strings  -DU_USING_ICU_NAMESPACE=0 -DU_NO_DEFAULT_INCLUDE_UTF_HEADERS=1 -DUCONFIG_NO_LEGACY_CONVERSION -DUCONFIG_NO_TRANSLITERATION -DUCONFIG_NO_REGULAR_EXPRESSIONS -DUCONFIG_NO_BREAK_ITERATION -Qunused-arguments  conftest.c >&5
configure:6681: $? = 0
configure:6681: /usr/bin/clang -c -fPIC -Qunused-arguments -Wall -Wpointer-arith -Wdeclaration-after-statement -Werror=return-type -Wempty-body -Wsign-compare -Wno-unused -std=gnu99 -fno-common -fno-math-errno -pthread -pipe -g -UDEBUG -DNDEBUG -O3 -fno-stack-protector -Wall -std=c99 -pedantic -Wshadow -Wpointer-arith -Wmissing-prototypes -Wwrite-strings  -DU_USING_ICU_NAMESPACE=0 -DU_NO_DEFAULT_INCLUDE_UTF_HEADERS=1 -DUCONFIG_NO_LEGACY_CONVERSION -DUCONFIG_NO_TRANSLITERATION -DUCONFIG_NO_REGULAR_EXPRESSIONS -DUCONFIG_NO_BREAK_ITERATION -Qunused-arguments  conftest.c >&5
conftest.c:63:22: error: expected expression
if (sizeof ((int32_t)))
                     ^
1 error generated.
configure:6681: $? = 1
configure: failed program was:
| /* confdefs.h */
| #define PACKAGE_NAME ""
| #define PACKAGE_TARNAME ""
| #define PACKAGE_VERSION ""
| #define PACKAGE_STRING ""
| #define PACKAGE_BUGREPORT ""
| #define PACKAGE_URL ""
| #define STDC_HEADERS 1
| #define HAVE_SYS_TYPES_H 1
| #define HAVE_SYS_STAT_H 1
| #define HAVE_STDLIB_H 1
| #define HAVE_STRING_H 1
| #define HAVE_MEMORY_H 1
| #define HAVE_STRINGS_H 1
| #define HAVE_INTTYPES_H 1
| #define HAVE_STDINT_H 1
| #define HAVE_UNISTD_H 1
| #define SIZEOF_VOID_P 8
| #define HAVE_LIBM 1
| #define HAVE_DLFCN_H 1
| #define HAVE_DLOPEN 1
| #define HAVE_GETTIMEOFDAY 1
| #define HAVE_LIBPTHREAD 1
| #define HAVE_INTTYPES_H 1
| #define HAVE_DIRENT_H 1
| /* end confdefs.h.  */
| #include <stdio.h>
| #ifdef HAVE_SYS_TYPES_H
| # include <sys/types.h>
| #endif
| #ifdef HAVE_SYS_STAT_H
| # include <sys/stat.h>
| #endif
| #ifdef STDC_HEADERS
| # include <stdlib.h>
| # include <stddef.h>
| #else
| # ifdef HAVE_STDLIB_H
| #  include <stdlib.h>
| # endif
| #endif
| #ifdef HAVE_STRING_H
| # if !defined STDC_HEADERS && defined HAVE_MEMORY_H
| #  include <memory.h>
| # endif
| # include <string.h>
| #endif
| #ifdef HAVE_STRINGS_H
| # include <strings.h>
| #endif
| #ifdef HAVE_INTTYPES_H
| # include <inttypes.h>
| #endif
| #ifdef HAVE_STDINT_H
| # include <stdint.h>
| #endif
| #ifdef HAVE_UNISTD_H
| # include <unistd.h>
| #endif
| int
| main ()
| {
| if (sizeof ((int32_t)))
| 	    return 0;
|   ;
|   return 0;
| }
configure:6681: result: yes
configure:6692: checking for uint32_t
configure:6692: /usr/bin/clang -c -fPIC -Qunused-arguments -Wall -Wpointer-arith -Wdeclaration-after-statement -Werror=return-type -Wempty-body -Wsign-compare -Wno-unused -std=gnu99 -fno-common -fno-math-errno -pthread -pipe -g -UDEBUG -DNDEBUG -O3 -fno-stack-protector -Wall -std=c99 -pedantic -Wshadow -Wpointer-arith -Wmissing-prototypes -Wwrite-strings  -DU_USING_ICU_NAMESPACE=0 -DU_NO_DEFAULT_INCLUDE_UTF_HEADERS=1 -DUCONFIG_NO_LEGACY_CONVERSION -DUCONFIG_NO_TRANSLITERATION -DUCONFIG_NO_REGULAR_EXPRESSIONS -DUCONFIG_NO_BREAK_ITERATION -Qunused-arguments  conftest.c >&5
configure:6692: $? = 0
configure:6692: /usr/bin/clang -c -fPIC -Qunused-arguments -Wall -Wpointer-arith -Wdeclaration-after-statement -Werror=return-type -Wempty-body -Wsign-compare -Wno-unused -std=gnu99 -fno-common -fno-math-errno -pthread -pipe -g -UDEBUG -DNDEBUG -O3 -fno-stack-protector -Wall -std=c99 -pedantic -Wshadow -Wpointer-arith -Wmissing-prototypes -Wwrite-strings  -DU_USING_ICU_NAMESPACE=0 -DU_NO_DEFAULT_INCLUDE_UTF_HEADERS=1 -DUCONFIG_NO_LEGACY_CONVERSION -DUCONFIG_NO_TRANSLITERATION -DUCONFIG_NO_REGULAR_EXPRESSIONS -DUCONFIG_NO_BREAK_ITERATION -Qunused-arguments  conftest.c >&5
conftest.c:63:23: error: expected expression
if (sizeof ((uint32_t)))
                      ^
1 error generated.
configure:6692: $? = 1
configure: failed program was:
| /* confdefs.h */
| #define PACKAGE_NAME ""
| #define PACKAGE_TARNAME ""
| #define PACKAGE_VERSION ""
| #define PACKAGE_STRING ""
| #define PACKAGE_BUGREPORT ""
| #define PACKAGE_URL ""
| #define STDC_HEADERS 1
| #define HAVE_SYS_TYPES_H 1
| #define HAVE_SYS_STAT_H 1
| #define HAVE_STDLIB_H 1
| #define HAVE_STRING_H 1
| #define HAVE_MEMORY_H 1
| #define HAVE_STRINGS_H 1
| #define HAVE_INTTYPES_H 1
| #define HAVE_STDINT_H 1
| #define HAVE_UNISTD_H 1
| #define SIZEOF_VOID_P 8
| #define HAVE_LIBM 1
| #define HAVE_DLFCN_H 1
| #define HAVE_DLOPEN 1
| #define HAVE_GETTIMEOFDAY 1
| #define HAVE_LIBPTHREAD 1
| #define HAVE_INTTYPES_H 1
| #define HAVE_DIRENT_H 1
| /* end confdefs.h.  */
| #include <stdio.h>
| #ifdef HAVE_SYS_TYPES_H
| # include <sys/types.h>
| #endif
| #ifdef HAVE_SYS_STAT_H
| # include <sys/stat.h>
| #endif
| #ifdef STDC_HEADERS
| # include <stdlib.h>
| # include <stddef.h>
| #else
| # ifdef HAVE_STDLIB_H
| #  include <stdlib.h>
| # endif
| #endif
| #ifdef HAVE_STRING_H
| # if !defined STDC_HEADERS && defined HAVE_MEMORY_H
| #  include <memory.h>
| # endif
| # include <string.h>
| #endif
| #ifdef HAVE_STRINGS_H
| # include <strings.h>
| #endif
| #ifdef HAVE_INTTYPES_H
| # include <inttypes.h>
| #endif
| #ifdef HAVE_STDINT_H
| # include <stdint.h>
| #endif
| #ifdef HAVE_UNISTD_H
| # include <unistd.h>
| #endif
| int
| main ()
| {
| if (sizeof ((uint32_t)))
| 	    return 0;
|   ;
|   return 0;
| }
configure:6692: result: yes
configure:6703: checking for int64_t
configure:6703: /usr/bin/clang -c -fPIC -Qunused-arguments -Wall -Wpointer-arith -Wdeclaration-after-statement -Werror=return-type -Wempty-body -Wsign-compare -Wno-unused -std=gnu99 -fno-common -fno-math-errno -pthread -pipe -g -UDEBUG -DNDEBUG -O3 -fno-stack-protector -Wall -std=c99 -pedantic -Wshadow -Wpointer-arith -Wmissing-prototypes -Wwrite-strings  -DU_USING_ICU_NAMESPACE=0 -DU_NO_DEFAULT_INCLUDE_UTF_HEADERS=1 -DUCONFIG_NO_LEGACY_CONVERSION -DUCONFIG_NO_TRANSLITERATION -DUCONFIG_NO_REGULAR_EXPRESSIONS -DUCONFIG_NO_BREAK_ITERATION -Qunused-arguments  conftest.c >&5
configure:6703: $? = 0
configure:6703: /usr/bin/clang -c -fPIC -Qunused-arguments -Wall -Wpointer-arith -Wdeclaration-after-statement -Werror=return-type -Wempty-body -Wsign-compare -Wno-unused -std=gnu99 -fno-common -fno-math-errno -pthread -pipe -g -UDEBUG -DNDEBUG -O3 -fno-stack-protector -Wall -std=c99 -pedantic -Wshadow -Wpointer-arith -Wmissing-prototypes -Wwrite-strings  -DU_USING_ICU_NAMESPACE=0 -DU_NO_DEFAULT_INCLUDE_UTF_HEADERS=1 -DUCONFIG_NO_LEGACY_CONVERSION -DUCONFIG_NO_TRANSLITERATION -DUCONFIG_NO_REGULAR_EXPRESSIONS -DUCONFIG_NO_BREAK_ITERATION -Qunused-arguments  conftest.c >&5
conftest.c:63:22: error: expected expression
if (sizeof ((int64_t)))
                     ^
1 error generated.
configure:6703: $? = 1
configure: failed program was:
| /* confdefs.h */
| #define PACKAGE_NAME ""
| #define PACKAGE_TARNAME ""
| #define PACKAGE_VERSION ""
| #define PACKAGE_STRING ""
| #define PACKAGE_BUGREPORT ""
| #define PACKAGE_URL ""
| #define STDC_HEADERS 1
| #define HAVE_SYS_TYPES_H 1
| #define HAVE_SYS_STAT_H 1
| #define HAVE_STDLIB_H 1
| #define HAVE_STRING_H 1
| #define HAVE_MEMORY_H 1
| #define HAVE_STRINGS_H 1
| #define HAVE_INTTYPES_H 1
| #define HAVE_STDINT_H 1
| #define HAVE_UNISTD_H 1
| #define SIZEOF_VOID_P 8
| #define HAVE_LIBM 1
| #define HAVE_DLFCN_H 1
| #define HAVE_DLOPEN 1
| #define HAVE_GETTIMEOFDAY 1
| #define HAVE_LIBPTHREAD 1
| #define HAVE_INTTYPES_H 1
| #define HAVE_DIRENT_H 1
| /* end confdefs.h.  */
| #include <stdio.h>
| #ifdef HAVE_SYS_TYPES_H
| # include <sys/types.h>
| #endif
| #ifdef HAVE_SYS_STAT_H
| # include <sys/stat.h>
| #endif
| #ifdef STDC_HEADERS
| # include <stdlib.h>
| # include <stddef.h>
| #else
| # ifdef HAVE_STDLIB_H
| #  include <stdlib.h>
| # endif
| #endif
| #ifdef HAVE_STRING_H
| # if !defined STDC_HEADERS && defined HAVE_MEMORY_H
| #  include <memory.h>
| # endif
| # include <string.h>
| #endif
| #ifdef HAVE_STRINGS_H
| # include <strings.h>
| #endif
| #ifdef HAVE_INTTYPES_H
| # include <inttypes.h>
| #endif
| #ifdef HAVE_STDINT_H
| # include <stdint.h>
| #endif
| #ifdef HAVE_UNISTD_H
| # include <unistd.h>
| #endif
| int
| main ()
| {
| if (sizeof ((int64_t)))
| 	    return 0;
|   ;
|   return 0;
| }
configure:6703: result: yes
configure:6714: checking for uint64_t
configure:6714: /usr/bin/clang -c -fPIC -Qunused-arguments -Wall -Wpointer-arith -Wdeclaration-after-statement -Werror=return-type -Wempty-body -Wsign-compare -Wno-unused -std=gnu99 -fno-common -fno-math-errno -pthread -pipe -g -UDEBUG -DNDEBUG -O3 -fno-stack-protector -Wall -std=c99 -pedantic -Wshadow -Wpointer-arith -Wmissing-prototypes -Wwrite-strings  -DU_USING_ICU_NAMESPACE=0 -DU_NO_DEFAULT_INCLUDE_UTF_HEADERS=1 -DUCONFIG_NO_LEGACY_CONVERSION -DUCONFIG_NO_TRANSLITERATION -DUCONFIG_NO_REGULAR_EXPRESSIONS -DUCONFIG_NO_BREAK_ITERATION -Qunused-arguments  conftest.c >&5
configure:6714: $? = 0
configure:6714: /usr/bin/clang -c -fPIC -Qunused-arguments -Wall -Wpointer-arith -Wdeclaration-after-statement -Werror=return-type -Wempty-body -Wsign-compare -Wno-unused -std=gnu99 -fno-common -fno-math-errno -pthread -pipe -g -UDEBUG -DNDEBUG -O3 -fno-stack-protector -Wall -std=c99 -pedantic -Wshadow -Wpointer-arith -Wmissing-prototypes -Wwrite-strings  -DU_USING_ICU_NAMESPACE=0 -DU_NO_DEFAULT_INCLUDE_UTF_HEADERS=1 -DUCONFIG_NO_LEGACY_CONVERSION -DUCONFIG_NO_TRANSLITERATION -DUCONFIG_NO_REGULAR_EXPRESSIONS -DUCONFIG_NO_BREAK_ITERATION -Qunused-arguments  conftest.c >&5
conftest.c:63:23: error: expected expression
if (sizeof ((uint64_t)))
                      ^
1 error generated.
configure:6714: $? = 1
configure: failed program was:
| /* confdefs.h */
| #define PACKAGE_NAME ""
| #define PACKAGE_TARNAME ""
| #define PACKAGE_VERSION ""
| #define PACKAGE_STRING ""
| #define PACKAGE_BUGREPORT ""
| #define PACKAGE_URL ""
| #define STDC_HEADERS 1
| #define HAVE_SYS_TYPES_H 1
| #define HAVE_SYS_STAT_H 1
| #define HAVE_STDLIB_H 1
| #define HAVE_STRING_H 1
| #define HAVE_MEMORY_H 1
| #define HAVE_STRINGS_H 1
| #define HAVE_INTTYPES_H 1
| #define HAVE_STDINT_H 1
| #define HAVE_UNISTD_H 1
| #define SIZEOF_VOID_P 8
| #define HAVE_LIBM 1
| #define HAVE_DLFCN_H 1
| #define HAVE_DLOPEN 1
| #define HAVE_GETTIMEOFDAY 1
| #define HAVE_LIBPTHREAD 1
| #define HAVE_INTTYPES_H 1
| #define HAVE_DIRENT_H 1
| /* end confdefs.h.  */
| #include <stdio.h>
| #ifdef HAVE_SYS_TYPES_H
| # include <sys/types.h>
| #endif
| #ifdef HAVE_SYS_STAT_H
| # include <sys/stat.h>
| #endif
| #ifdef STDC_HEADERS
| # include <stdlib.h>
| # include <stddef.h>
| #else
| # ifdef HAVE_STDLIB_H
| #  include <stdlib.h>
| # endif
| #endif
| #ifdef HAVE_STRING_H
| # if !defined STDC_HEADERS && defined HAVE_MEMORY_H
| #  include <memory.h>
| # endif
| # include <string.h>
| #endif
| #ifdef HAVE_STRINGS_H
| # include <strings.h>
| #endif
| #ifdef HAVE_INTTYPES_H
| # include <inttypes.h>
| #endif
| #ifdef HAVE_STDINT_H
| # include <stdint.h>
| #endif
| #ifdef HAVE_UNISTD_H
| # include <unistd.h>
| #endif
| int
| main ()
| {
| if (sizeof ((uint64_t)))
| 	    return 0;
|   ;
|   return 0;
| }
configure:6714: result: yes
configure:6759: checking wchar.h usability
configure:6759: /usr/bin/clang -c -fPIC -Qunused-arguments -Wall -Wpointer-arith -Wdeclaration-after-statement -Werror=return-type -Wempty-body -Wsign-compare -Wno-unused -std=gnu99 -fno-common -fno-math-errno -pthread -pipe -g -UDEBUG -DNDEBUG -O3 -fno-stack-protector -Wall -std=c99 -pedantic -Wshadow -Wpointer-arith -Wmissing-prototypes -Wwrite-strings  -DU_USING_ICU_NAMESPACE=0 -DU_NO_DEFAULT_INCLUDE_UTF_HEADERS=1 -DUCONFIG_NO_LEGACY_CONVERSION -DUCONFIG_NO_TRANSLITERATION -DUCONFIG_NO_REGULAR_EXPRESSIONS -DUCONFIG_NO_BREAK_ITERATION -Qunused-arguments  conftest.c >&5
configure:6759: $? = 0
configure:6759: result: yes
configure:6759: checking wchar.h presence
configure:6759: /usr/bin/clang -E  -DU_USING_ICU_NAMESPACE=0 -DU_NO_DEFAULT_INCLUDE_UTF_HEADERS=1 -DUCONFIG_NO_LEGACY_CONVERSION -DUCONFIG_NO_TRANSLITERATION -DUCONFIG_NO_REGULAR_EXPRESSIONS -DUCONFIG_NO_BREAK_ITERATION -Qunused-arguments  conftest.c
configure:6759: $? = 0
configure:6759: result: yes
configure:6759: checking for wchar.h
configure:6759: result: yes
configure:6776: checking for library containing wcscpy
configure:6807: /usr/bin/clang -o conftest -fPIC -Qunused-arguments -Wall -Wpointer-arith -Wdeclaration-after-statement -Werror=return-type -Wempty-body -Wsign-compare -Wno-unused -std=gnu99 -fno-common -fno-math-errno -pthread -pipe -g -UDEBUG -DNDEBUG -O3 -fno-stack-protector -Wall -std=c99 -pedantic -Wshadow -Wpointer-arith -Wmissing-prototypes -Wwrite-strings  -DU_USING_ICU_NAMESPACE=0 -DU_NO_DEFAULT_INCLUDE_UTF_HEADERS=1 -DUCONFIG_NO_LEGACY_CONVERSION -DUCONFIG_NO_TRANSLITERATION -DUCONFIG_NO_REGULAR_EXPRESSIONS -DUCONFIG_NO_BREAK_ITERATION -Qunused-arguments   -framework ExceptionHandling   -lobjc conftest.c -lpthread -lm  >&5
configure:6807: $? = 0
configure:6824: result: none required
configure:6846: checking size of wchar_t
configure:6851: /usr/bin/clang -c -fPIC -Qunused-arguments -Wall -Wpointer-arith -Wdeclaration-after-statement -Werror=return-type -Wempty-body -Wsign-compare -Wno-unused -std=gnu99 -fno-common -fno-math-errno -pthread -pipe -g -UDEBUG -DNDEBUG -O3 -fno-stack-protector -Wall -std=c99 -pedantic -Wshadow -Wpointer-arith -Wmissing-prototypes -Wwrite-strings  -DU_USING_ICU_NAMESPACE=0 -DU_NO_DEFAULT_INCLUDE_UTF_HEADERS=1 -DUCONFIG_NO_LEGACY_CONVERSION -DUCONFIG_NO_TRANSLITERATION -DUCONFIG_NO_REGULAR_EXPRESSIONS -DUCONFIG_NO_BREAK_ITERATION -Qunused-arguments  conftest.c >&5
configure:6851: $? = 0
configure:6851: /usr/bin/clang -c -fPIC -Qunused-arguments -Wall -Wpointer-arith -Wdeclaration-after-statement -Werror=return-type -Wempty-body -Wsign-compare -Wno-unused -std=gnu99 -fno-common -fno-math-errno -pthread -pipe -g -UDEBUG -DNDEBUG -O3 -fno-stack-protector -Wall -std=c99 -pedantic -Wshadow -Wpointer-arith -Wmissing-prototypes -Wwrite-strings  -DU_USING_ICU_NAMESPACE=0 -DU_NO_DEFAULT_INCLUDE_UTF_HEADERS=1 -DUCONFIG_NO_LEGACY_CONVERSION -DUCONFIG_NO_TRANSLITERATION -DUCONFIG_NO_REGULAR_EXPRESSIONS -DUCONFIG_NO_BREAK_ITERATION -Qunused-arguments  conftest.c >&5
conftest.c:41:24: error: 'test_array' declared as an array with a negative size
static int test_array [1 - 2 * !(((long int) (sizeof (wchar_t))) <= 0)];
                       ^~~~~~~~~~~~~~~~~~~~~~~~~~~~~~~~~~~~~~~~~~~~~~~
1 error generated.
configure:6851: $? = 1
configure: failed program was:
| /* confdefs.h */
| #define PACKAGE_NAME ""
| #define PACKAGE_TARNAME ""
| #define PACKAGE_VERSION ""
| #define PACKAGE_STRING ""
| #define PACKAGE_BUGREPORT ""
| #define PACKAGE_URL ""
| #define STDC_HEADERS 1
| #define HAVE_SYS_TYPES_H 1
| #define HAVE_SYS_STAT_H 1
| #define HAVE_STDLIB_H 1
| #define HAVE_STRING_H 1
| #define HAVE_MEMORY_H 1
| #define HAVE_STRINGS_H 1
| #define HAVE_INTTYPES_H 1
| #define HAVE_STDINT_H 1
| #define HAVE_UNISTD_H 1
| #define SIZEOF_VOID_P 8
| #define HAVE_LIBM 1
| #define HAVE_DLFCN_H 1
| #define HAVE_DLOPEN 1
| #define HAVE_GETTIMEOFDAY 1
| #define HAVE_LIBPTHREAD 1
| #define HAVE_INTTYPES_H 1
| #define HAVE_DIRENT_H 1
| #define HAVE_WCHAR_H 1
| /* end confdefs.h.  */
| 
| #if STDC_HEADERS
| #include <stddef.h>
| #endif
| #include <stdlib.h>
| #if HAVE_WCHAR_H
| #include <string.h>
| #include <wchar.h>
| #endif
| 
| int
| main ()
| {
| static int test_array [1 - 2 * !(((long int) (sizeof (wchar_t))) <= 0)];
| test_array [0] = 0
| 
|   ;
|   return 0;
| }
configure:6851: /usr/bin/clang -c -fPIC -Qunused-arguments -Wall -Wpointer-arith -Wdeclaration-after-statement -Werror=return-type -Wempty-body -Wsign-compare -Wno-unused -std=gnu99 -fno-common -fno-math-errno -pthread -pipe -g -UDEBUG -DNDEBUG -O3 -fno-stack-protector -Wall -std=c99 -pedantic -Wshadow -Wpointer-arith -Wmissing-prototypes -Wwrite-strings  -DU_USING_ICU_NAMESPACE=0 -DU_NO_DEFAULT_INCLUDE_UTF_HEADERS=1 -DUCONFIG_NO_LEGACY_CONVERSION -DUCONFIG_NO_TRANSLITERATION -DUCONFIG_NO_REGULAR_EXPRESSIONS -DUCONFIG_NO_BREAK_ITERATION -Qunused-arguments  conftest.c >&5
conftest.c:41:24: error: 'test_array' declared as an array with a negative size
static int test_array [1 - 2 * !(((long int) (sizeof (wchar_t))) <= 1)];
                       ^~~~~~~~~~~~~~~~~~~~~~~~~~~~~~~~~~~~~~~~~~~~~~~
1 error generated.
configure:6851: $? = 1
configure: failed program was:
| /* confdefs.h */
| #define PACKAGE_NAME ""
| #define PACKAGE_TARNAME ""
| #define PACKAGE_VERSION ""
| #define PACKAGE_STRING ""
| #define PACKAGE_BUGREPORT ""
| #define PACKAGE_URL ""
| #define STDC_HEADERS 1
| #define HAVE_SYS_TYPES_H 1
| #define HAVE_SYS_STAT_H 1
| #define HAVE_STDLIB_H 1
| #define HAVE_STRING_H 1
| #define HAVE_MEMORY_H 1
| #define HAVE_STRINGS_H 1
| #define HAVE_INTTYPES_H 1
| #define HAVE_STDINT_H 1
| #define HAVE_UNISTD_H 1
| #define SIZEOF_VOID_P 8
| #define HAVE_LIBM 1
| #define HAVE_DLFCN_H 1
| #define HAVE_DLOPEN 1
| #define HAVE_GETTIMEOFDAY 1
| #define HAVE_LIBPTHREAD 1
| #define HAVE_INTTYPES_H 1
| #define HAVE_DIRENT_H 1
| #define HAVE_WCHAR_H 1
| /* end confdefs.h.  */
| 
| #if STDC_HEADERS
| #include <stddef.h>
| #endif
| #include <stdlib.h>
| #if HAVE_WCHAR_H
| #include <string.h>
| #include <wchar.h>
| #endif
| 
| int
| main ()
| {
| static int test_array [1 - 2 * !(((long int) (sizeof (wchar_t))) <= 1)];
| test_array [0] = 0
| 
|   ;
|   return 0;
| }
configure:6851: /usr/bin/clang -c -fPIC -Qunused-arguments -Wall -Wpointer-arith -Wdeclaration-after-statement -Werror=return-type -Wempty-body -Wsign-compare -Wno-unused -std=gnu99 -fno-common -fno-math-errno -pthread -pipe -g -UDEBUG -DNDEBUG -O3 -fno-stack-protector -Wall -std=c99 -pedantic -Wshadow -Wpointer-arith -Wmissing-prototypes -Wwrite-strings  -DU_USING_ICU_NAMESPACE=0 -DU_NO_DEFAULT_INCLUDE_UTF_HEADERS=1 -DUCONFIG_NO_LEGACY_CONVERSION -DUCONFIG_NO_TRANSLITERATION -DUCONFIG_NO_REGULAR_EXPRESSIONS -DUCONFIG_NO_BREAK_ITERATION -Qunused-arguments  conftest.c >&5
conftest.c:41:24: error: 'test_array' declared as an array with a negative size
static int test_array [1 - 2 * !(((long int) (sizeof (wchar_t))) <= 3)];
                       ^~~~~~~~~~~~~~~~~~~~~~~~~~~~~~~~~~~~~~~~~~~~~~~
1 error generated.
configure:6851: $? = 1
configure: failed program was:
| /* confdefs.h */
| #define PACKAGE_NAME ""
| #define PACKAGE_TARNAME ""
| #define PACKAGE_VERSION ""
| #define PACKAGE_STRING ""
| #define PACKAGE_BUGREPORT ""
| #define PACKAGE_URL ""
| #define STDC_HEADERS 1
| #define HAVE_SYS_TYPES_H 1
| #define HAVE_SYS_STAT_H 1
| #define HAVE_STDLIB_H 1
| #define HAVE_STRING_H 1
| #define HAVE_MEMORY_H 1
| #define HAVE_STRINGS_H 1
| #define HAVE_INTTYPES_H 1
| #define HAVE_STDINT_H 1
| #define HAVE_UNISTD_H 1
| #define SIZEOF_VOID_P 8
| #define HAVE_LIBM 1
| #define HAVE_DLFCN_H 1
| #define HAVE_DLOPEN 1
| #define HAVE_GETTIMEOFDAY 1
| #define HAVE_LIBPTHREAD 1
| #define HAVE_INTTYPES_H 1
| #define HAVE_DIRENT_H 1
| #define HAVE_WCHAR_H 1
| /* end confdefs.h.  */
| 
| #if STDC_HEADERS
| #include <stddef.h>
| #endif
| #include <stdlib.h>
| #if HAVE_WCHAR_H
| #include <string.h>
| #include <wchar.h>
| #endif
| 
| int
| main ()
| {
| static int test_array [1 - 2 * !(((long int) (sizeof (wchar_t))) <= 3)];
| test_array [0] = 0
| 
|   ;
|   return 0;
| }
configure:6851: /usr/bin/clang -c -fPIC -Qunused-arguments -Wall -Wpointer-arith -Wdeclaration-after-statement -Werror=return-type -Wempty-body -Wsign-compare -Wno-unused -std=gnu99 -fno-common -fno-math-errno -pthread -pipe -g -UDEBUG -DNDEBUG -O3 -fno-stack-protector -Wall -std=c99 -pedantic -Wshadow -Wpointer-arith -Wmissing-prototypes -Wwrite-strings  -DU_USING_ICU_NAMESPACE=0 -DU_NO_DEFAULT_INCLUDE_UTF_HEADERS=1 -DUCONFIG_NO_LEGACY_CONVERSION -DUCONFIG_NO_TRANSLITERATION -DUCONFIG_NO_REGULAR_EXPRESSIONS -DUCONFIG_NO_BREAK_ITERATION -Qunused-arguments  conftest.c >&5
configure:6851: $? = 0
configure:6851: /usr/bin/clang -c -fPIC -Qunused-arguments -Wall -Wpointer-arith -Wdeclaration-after-statement -Werror=return-type -Wempty-body -Wsign-compare -Wno-unused -std=gnu99 -fno-common -fno-math-errno -pthread -pipe -g -UDEBUG -DNDEBUG -O3 -fno-stack-protector -Wall -std=c99 -pedantic -Wshadow -Wpointer-arith -Wmissing-prototypes -Wwrite-strings  -DU_USING_ICU_NAMESPACE=0 -DU_NO_DEFAULT_INCLUDE_UTF_HEADERS=1 -DUCONFIG_NO_LEGACY_CONVERSION -DUCONFIG_NO_TRANSLITERATION -DUCONFIG_NO_REGULAR_EXPRESSIONS -DUCONFIG_NO_BREAK_ITERATION -Qunused-arguments  conftest.c >&5
configure:6851: $? = 0
configure:6851: /usr/bin/clang -c -fPIC -Qunused-arguments -Wall -Wpointer-arith -Wdeclaration-after-statement -Werror=return-type -Wempty-body -Wsign-compare -Wno-unused -std=gnu99 -fno-common -fno-math-errno -pthread -pipe -g -UDEBUG -DNDEBUG -O3 -fno-stack-protector -Wall -std=c99 -pedantic -Wshadow -Wpointer-arith -Wmissing-prototypes -Wwrite-strings  -DU_USING_ICU_NAMESPACE=0 -DU_NO_DEFAULT_INCLUDE_UTF_HEADERS=1 -DUCONFIG_NO_LEGACY_CONVERSION -DUCONFIG_NO_TRANSLITERATION -DUCONFIG_NO_REGULAR_EXPRESSIONS -DUCONFIG_NO_BREAK_ITERATION -Qunused-arguments  conftest.c >&5
configure:6851: $? = 0
configure:6874: result: 4
configure:6892: checking for UTF-16 string literal support
configure:7000: /usr/bin/clang -c -fPIC -Qunused-arguments -Wall -Wpointer-arith -Wdeclaration-after-statement -Werror=return-type -Wempty-body -Wsign-compare -Wno-unused -std=gnu99 -fno-common -fno-math-errno -pthread -pipe -g -UDEBUG -DNDEBUG -O3 -fno-stack-protector -Wall -std=c99 -pedantic -Wshadow -Wpointer-arith -Wmissing-prototypes -Wwrite-strings -std=gnu99  -DU_USING_ICU_NAMESPACE=0 -DU_NO_DEFAULT_INCLUDE_UTF_HEADERS=1 -DUCONFIG_NO_LEGACY_CONVERSION -DUCONFIG_NO_TRANSLITERATION -DUCONFIG_NO_REGULAR_EXPRESSIONS -DUCONFIG_NO_BREAK_ITERATION -Qunused-arguments  conftest.c >&5
conftest.c:30:14: error: unknown type name 'char16_t'
static const char16_t test[] = u"This is a UTF16 literal string.";
             ^
conftest.c:30:32: error: use of undeclared identifier 'u'
static const char16_t test[] = u"This is a UTF16 literal string.";
                               ^
2 errors generated.
configure:7000: $? = 1
configure: failed program was:
| /* confdefs.h */
| #define PACKAGE_NAME ""
| #define PACKAGE_TARNAME ""
| #define PACKAGE_VERSION ""
| #define PACKAGE_STRING ""
| #define PACKAGE_BUGREPORT ""
| #define PACKAGE_URL ""
| #define STDC_HEADERS 1
| #define HAVE_SYS_TYPES_H 1
| #define HAVE_SYS_STAT_H 1
| #define HAVE_STDLIB_H 1
| #define HAVE_STRING_H 1
| #define HAVE_MEMORY_H 1
| #define HAVE_STRINGS_H 1
| #define HAVE_INTTYPES_H 1
| #define HAVE_STDINT_H 1
| #define HAVE_UNISTD_H 1
| #define SIZEOF_VOID_P 8
| #define HAVE_LIBM 1
| #define HAVE_DLFCN_H 1
| #define HAVE_DLOPEN 1
| #define HAVE_GETTIMEOFDAY 1
| #define HAVE_LIBPTHREAD 1
| #define HAVE_INTTYPES_H 1
| #define HAVE_DIRENT_H 1
| #define HAVE_WCHAR_H 1
| #define SIZEOF_WCHAR_T 4
| /* end confdefs.h.  */
| 
| static const char16_t test[] = u"This is a UTF16 literal string.";
| 
| int
| main ()
| {
| 
|   ;
|   return 0;
| }
configure:7035: /usr/bin/clang++ -c -fPIC -Qunused-arguments -Wall -Wpointer-arith -Woverloaded-virtual -Werror=return-type -Wtype-limits -Wempty-body -Werror=conversion-null -Wsign-compare -Wno-invalid-offsetof -Wno-c++0x-extensions -Wno-extended-offsetof -Wno-unknown-warning-option -Wno-return-type-c-linkage -Wno-mismatched-tags -fno-common -frtti -fno-exceptions -fno-math-errno -std=gnu++0x -pthread -pipe -g -UDEBUG -DNDEBUG -O3 -fno-stack-protector -W -Wall -pedantic -Wpointer-arith -Wwrite-strings -Wno-long-long -std=c++11  -DU_USING_ICU_NAMESPACE=0 -DU_NO_DEFAULT_INCLUDE_UTF_HEADERS=1 -DUCONFIG_NO_LEGACY_CONVERSION -DUCONFIG_NO_TRANSLITERATION -DUCONFIG_NO_REGULAR_EXPRESSIONS -DUCONFIG_NO_BREAK_ITERATION -Qunused-arguments  conftest.cpp >&5
conftest.cpp:30:23: warning: unused variable 'test' [-Wunused-const-variable]
static const char16_t test[] = u"This is a UTF16 literal string.";
                      ^
1 warning generated.
configure:7035: $? = 0
configure:7058: result: C++ only
configure:7191: checking for a library suffix to use
configure:7205: result: none
configure:7469: creating ./config.status

## ---------------------- ##
## Running config.status. ##
## ---------------------- ##

This file was extended by config.status, which was
generated by GNU Autoconf 2.68.  Invocation command line was

  CONFIG_FILES    = 
  CONFIG_HEADERS  = 
  CONFIG_LINKS    = 
  CONFIG_COMMANDS = 
  $ ./config.status 

on pandabook.local

config.status:885: creating icudefs.mk
config.status:885: creating Makefile
config.status:885: creating data/pkgdataMakefile
config.status:885: creating config/Makefile.inc
config.status:885: creating config/icu.pc
config.status:885: creating config/pkgdataMakefile
config.status:885: creating data/Makefile
config.status:885: creating stubdata/Makefile
config.status:885: creating common/Makefile
config.status:885: creating i18n/Makefile
config.status:885: creating layout/Makefile
config.status:885: creating layoutex/Makefile
config.status:885: creating io/Makefile
config.status:885: creating extra/Makefile
config.status:885: creating extra/uconv/Makefile
config.status:885: creating extra/uconv/pkgdataMakefile
config.status:885: creating extra/scrptrun/Makefile
config.status:885: creating tools/Makefile
config.status:885: creating tools/ctestfw/Makefile
config.status:885: creating tools/toolutil/Makefile
config.status:885: creating tools/makeconv/Makefile
config.status:885: creating tools/genrb/Makefile
config.status:885: creating tools/genccode/Makefile
config.status:885: creating tools/gencmn/Makefile
config.status:885: creating tools/gencnval/Makefile
config.status:885: creating tools/gendict/Makefile
config.status:885: creating tools/gentest/Makefile
config.status:885: creating tools/gennorm2/Makefile
config.status:885: creating tools/genbrk/Makefile
config.status:885: creating tools/gensprep/Makefile
config.status:885: creating tools/icuinfo/Makefile
config.status:885: creating tools/icupkg/Makefile
config.status:885: creating tools/icuswap/Makefile
config.status:885: creating tools/pkgdata/Makefile
config.status:885: creating tools/tzcode/Makefile
config.status:885: creating tools/gencfu/Makefile
config.status:885: creating test/Makefile
config.status:885: creating test/compat/Makefile
config.status:885: creating test/testdata/Makefile
config.status:885: creating test/testdata/pkgdataMakefile
config.status:885: creating test/hdrtst/Makefile
config.status:885: creating test/intltest/Makefile
config.status:885: creating test/cintltst/Makefile
config.status:885: creating test/iotest/Makefile
config.status:885: creating test/letest/Makefile
config.status:885: creating test/perf/Makefile
config.status:885: creating test/perf/collationperf/Makefile
config.status:885: creating test/perf/collperf/Makefile
config.status:885: creating test/perf/dicttrieperf/Makefile
config.status:885: creating test/perf/ubrkperf/Makefile
config.status:885: creating test/perf/charperf/Makefile
config.status:885: creating test/perf/convperf/Makefile
config.status:885: creating test/perf/normperf/Makefile
config.status:885: creating test/perf/DateFmtPerf/Makefile
config.status:885: creating test/perf/howExpensiveIs/Makefile
config.status:885: creating test/perf/strsrchperf/Makefile
config.status:885: creating test/perf/unisetperf/Makefile
config.status:885: creating test/perf/usetperf/Makefile
config.status:885: creating test/perf/ustrperf/Makefile
config.status:885: creating test/perf/utfperf/Makefile
config.status:885: creating test/perf/utrie2perf/Makefile
config.status:885: creating samples/Makefile
config.status:885: creating samples/date/Makefile
config.status:885: creating samples/cal/Makefile
config.status:885: creating samples/layout/Makefile
configure:8576: checking the version of "/usr/bin/gnumake"
configure:8579: result: ok

## ---------------- ##
## Cache variables. ##
## ---------------- ##

ac_cv_build=x86_64-apple-darwin13.1.0
ac_cv_c_bigendian=no
ac_cv_c_compiler_gnu=yes
ac_cv_cxx_compiler_gnu=yes
ac_cv_env_CCC_set=
ac_cv_env_CCC_value=
ac_cv_env_CC_set=set
ac_cv_env_CC_value=/usr/bin/clang
ac_cv_env_CFLAGS_set=set
ac_cv_env_CFLAGS_value='-fPIC -Qunused-arguments -Wall -Wpointer-arith -Wdeclaration-after-statement -Werror=return-type -Wempty-body -Wsign-compare -Wno-unused -std=gnu99 -fno-common -fno-math-errno -pthread -pipe -g -UDEBUG -DNDEBUG -O3 -fno-stack-protector'
ac_cv_env_CPPFLAGS_set=set
ac_cv_env_CPPFLAGS_value=' -DU_USING_ICU_NAMESPACE=0 -DU_NO_DEFAULT_INCLUDE_UTF_HEADERS=1 -DUCONFIG_NO_LEGACY_CONVERSION -DUCONFIG_NO_TRANSLITERATION -DUCONFIG_NO_REGULAR_EXPRESSIONS -DUCONFIG_NO_BREAK_ITERATION -Qunused-arguments '
ac_cv_env_CPP_set=
ac_cv_env_CPP_value=
ac_cv_env_CXXFLAGS_set=set
ac_cv_env_CXXFLAGS_value='-fPIC -Qunused-arguments -Wall -Wpointer-arith -Woverloaded-virtual -Werror=return-type -Wtype-limits -Wempty-body -Werror=conversion-null -Wsign-compare -Wno-invalid-offsetof -Wno-c++0x-extensions -Wno-extended-offsetof -Wno-unknown-warning-option -Wno-return-type-c-linkage -Wno-mismatched-tags -fno-common -frtti -fno-exceptions -fno-math-errno -std=gnu++0x -pthread -pipe -g -UDEBUG -DNDEBUG -O3 -fno-stack-protector'
ac_cv_env_CXX_set=set
ac_cv_env_CXX_value=/usr/bin/clang++
ac_cv_env_LDFLAGS_set=set
ac_cv_env_LDFLAGS_value=' -framework ExceptionHandling   -lobjc'
ac_cv_env_LIBS_set=
ac_cv_env_LIBS_value=
ac_cv_env_build_alias_set=set
ac_cv_env_build_alias_value=x86_64-apple-darwin13.1.0
ac_cv_env_host_alias_set=set
ac_cv_env_host_alias_value=x86_64-apple-darwin10.0.0
ac_cv_env_target_alias_set=set
ac_cv_env_target_alias_value=
ac_cv_func_dlopen=yes
ac_cv_func_gettimeofday=yes
ac_cv_func_mmap_ok=yes
ac_cv_func_nl_langinfo=yes
ac_cv_func_popen=yes
ac_cv_func_tzset=yes
ac_cv_header_dirent_h=yes
ac_cv_header_dlfcn_h=yes
ac_cv_header_inttypes_h=yes
ac_cv_header_memory_h=yes
ac_cv_header_stdc=yes
ac_cv_header_stdint_h=yes
ac_cv_header_stdlib_h=yes
ac_cv_header_stdstring=yes
ac_cv_header_string_h=yes
ac_cv_header_strings_h=yes
ac_cv_header_sys_stat_h=yes
ac_cv_header_sys_types_h=yes
ac_cv_header_unistd_h=yes
ac_cv_header_wchar_h=yes
ac_cv_host=x86_64-apple-darwin10.0.0
ac_cv_lib_m_floor=yes
ac_cv_lib_pthread_pthread_attr_init=yes
ac_cv_namespace_ok=yes
ac_cv_nl_langinfo_codeset=CODESET
ac_cv_objext=o
ac_cv_override_cxx_allocation_ok=yes
ac_cv_override_placement_new_ok=yes
ac_cv_path_EGREP='/usr/bin/grep -E'
ac_cv_path_GREP=/usr/bin/grep
ac_cv_path_U_MAKE=/usr/bin/gnumake
ac_cv_path_install='/usr/bin/install -c'
ac_cv_prog_AR=ar
ac_cv_prog_CC=/usr/bin/clang
ac_cv_prog_CPP='/usr/bin/clang -E'
ac_cv_prog_ac_ct_RANLIB=ranlib
ac_cv_prog_cc_c89=
ac_cv_prog_cc_g=yes
ac_cv_prog_cxx_g=yes
ac_cv_search_dlopen='none required'
ac_cv_search_wcscpy='none required'
ac_cv_sizeof_void_p=8
ac_cv_sizeof_wchar_t=4
ac_cv_type_int16_t=yes
ac_cv_type_int32_t=yes
ac_cv_type_int64_t=yes
ac_cv_type_int8_t=yes
ac_cv_type_uint16_t=yes
ac_cv_type_uint32_t=yes
ac_cv_type_uint64_t=yes
ac_cv_type_uint8_t=yes
ac_cv_var_timezone=yes
ac_cv_var_tzname=yes
icu_cv_host_frag=mh-darwin

## ----------------- ##
## Output variables. ##
## ----------------- ##

AR='ar'
ARFLAGS=''
CC='/usr/bin/clang'
CFLAGS='-fPIC -Qunused-arguments -Wall -Wpointer-arith -Wdeclaration-after-statement -Werror=return-type -Wempty-body -Wsign-compare -Wno-unused -std=gnu99 -fno-common -fno-math-errno -pthread -pipe -g -UDEBUG -DNDEBUG -O3 -fno-stack-protector -Wall -std=c99 -pedantic -Wshadow -Wpointer-arith -Wmissing-prototypes -Wwrite-strings $(THREADSCFLAGS)'
COMPILE_LINK_ENVVAR=''
CPP='/usr/bin/clang -E'
CPPFLAGS=' -DU_USING_ICU_NAMESPACE=0 -DU_NO_DEFAULT_INCLUDE_UTF_HEADERS=1 -DUCONFIG_NO_LEGACY_CONVERSION -DUCONFIG_NO_TRANSLITERATION -DUCONFIG_NO_REGULAR_EXPRESSIONS -DUCONFIG_NO_BREAK_ITERATION -Qunused-arguments  $(THREADSCPPFLAGS)  '
CXX='/usr/bin/clang++'
CXXFLAGS='-fPIC -Qunused-arguments -Wall -Wpointer-arith -Woverloaded-virtual -Werror=return-type -Wtype-limits -Wempty-body -Werror=conversion-null -Wsign-compare -Wno-invalid-offsetof -Wno-c++0x-extensions -Wno-extended-offsetof -Wno-unknown-warning-option -Wno-return-type-c-linkage -Wno-mismatched-tags -fno-common -frtti -fno-exceptions -fno-math-errno -std=gnu++0x -pthread -pipe -g -UDEBUG -DNDEBUG -O3 -fno-stack-protector -W -Wall -pedantic -Wpointer-arith -Wwrite-strings -Wno-long-long -std=c++11 $(THREADSCXXFLAGS)'
DATA_PACKAGING_MODE='static'
DEFS='-DPACKAGE_NAME=\"\" -DPACKAGE_TARNAME=\"\" -DPACKAGE_VERSION=\"\" -DPACKAGE_STRING=\"\" -DPACKAGE_BUGREPORT=\"\" -DPACKAGE_URL=\"\" -DSTDC_HEADERS=1 -DHAVE_SYS_TYPES_H=1 -DHAVE_SYS_STAT_H=1 -DHAVE_STDLIB_H=1 -DHAVE_STRING_H=1 -DHAVE_MEMORY_H=1 -DHAVE_STRINGS_H=1 -DHAVE_INTTYPES_H=1 -DHAVE_STDINT_H=1 -DHAVE_UNISTD_H=1 -DSIZEOF_VOID_P=8 -DHAVE_LIBM=1 -DHAVE_DLFCN_H=1 -DHAVE_DLOPEN=1 -DHAVE_GETTIMEOFDAY=1 -DHAVE_LIBPTHREAD=1 -DHAVE_INTTYPES_H=1 -DHAVE_DIRENT_H=1 -DHAVE_WCHAR_H=1 -DSIZEOF_WCHAR_T=4'
DOXYGEN=''
ECHO_C='\c'
ECHO_N=''
ECHO_T=''
EGREP='/usr/bin/grep -E'
ENABLE_DEBUG='0'
ENABLE_RELEASE='1'
ENABLE_RPATH='NO'
ENABLE_SHARED=''
ENABLE_STATIC='YES'
EXEEXT=''
EXTRAS_TRUE='#'
GENCCODE_ASSEMBLY=''
GREP='/usr/bin/grep'
HAVE_MMAP='1'
ICUDATA_CHAR='l'
ICUIO_TRUE='#'
ICULIBSUFFIX=''
ICULIBSUFFIXCNAME=''
ICU_ECHO_C='\c'
ICU_ECHO_N=''
ICU_ECHO_T=''
INSTALL_DATA='${INSTALL} -m 644'
INSTALL_PROGRAM='${INSTALL}'
INSTALL_SCRIPT='${INSTALL}'
LAYOUT_TRUE='#'
LDFLAGS=' -framework ExceptionHandling   -lobjc'
LIBCFLAGS=''
LIBCXXFLAGS=''
LIBOBJS=''
LIBS='-lpthread -lm '
LIB_M=''
LIB_THREAD=''
LIB_VERSION='50.1.2'
LIB_VERSION_MAJOR='50'
LTLIBOBJS=''
OBJEXT='o'
PACKAGE='icu'
PACKAGE_BUGREPORT=''
PACKAGE_NAME=''
PACKAGE_STRING=''
PACKAGE_TARNAME=''
PACKAGE_URL=''
PACKAGE_VERSION=''
PATH_SEPARATOR=':'
RANLIB='ranlib'
SAMPLES_TRUE='#'
SHELL='/bin/sh'
TESTS_TRUE='#'
UCLN_NO_AUTO_CLEANUP='1'
UNICODE_VERSION='6.2'
U_DEFAULT_SHOW_DRAFT='1'
U_DISABLE_RENAMING='0'
U_ENABLE_DYLOAD='1'
U_ENABLE_TRACING='0'
U_HAVE_DIRENT_H='1'
U_HAVE_INTTYPES_H='1'
U_HAVE_LIB_SUFFIX='0'
U_HAVE_NL_LANGINFO_CODESET='1'
U_HAVE_PLACEMENT_NEW='1'
U_HAVE_POPEN='1'
U_HAVE_STD_STRING='1'
U_HAVE_TIMEZONE='1'
U_HAVE_TZNAME='1'
U_HAVE_TZSET='1'
U_HAVE_WCHAR_H='1'
U_HAVE_WCSCPY='1'
U_IS_BIG_ENDIAN='0'
U_MAKE='/usr/bin/gnumake'
U_NL_LANGINFO_CODESET='CODESET'
U_OVERRIDE_CXX_ALLOCATION='1'
U_TIMEZONE='timezone'
U_TZNAME='tzname'
U_TZSET='tzset'
VERSION='50.1.2'
ac_ct_CC=''
ac_ct_CXX=''
bindir='${exec_prefix}/bin'
build='x86_64-apple-darwin13.1.0'
build_alias='x86_64-apple-darwin13.1.0'
build_cpu='x86_64'
build_os='darwin13.1.0'
build_vendor='apple'
cross_buildroot='/Users/panda/StudyWork/mozilla-release/js/src/intl/icu/host'
cross_compiling='yes'
datadir='${datarootdir}'
datarootdir='${prefix}/share'
docdir='${datarootdir}/doc/${PACKAGE}'
dvidir='${docdir}'
exec_prefix='${prefix}'
host='x86_64-apple-darwin10.0.0'
host_alias='x86_64-apple-darwin10.0.0'
host_cpu='x86_64'
host_os='darwin10.0.0'
host_vendor='apple'
htmldir='${docdir}'
includedir='${prefix}/include'
infodir='${datarootdir}/info'
libdir='${exec_prefix}/lib'
libexecdir='${exec_prefix}/libexec'
localedir='${datarootdir}/locale'
localstatedir='${prefix}/var'
mandir='${datarootdir}/man'
oldincludedir='/usr/include'
pdfdir='${docdir}'
pkgicudatadir='${datarootdir}'
platform='U_DARWIN'
platform_make_fragment='$(top_srcdir)/config/mh-darwin'
platform_make_fragment_name='mh-darwin'
prefix='/usr/local'
program_transform_name='s,x,x,'
psdir='${docdir}'
sbindir='${exec_prefix}/sbin'
sharedstatedir='${prefix}/com'
sysconfdir='${prefix}/etc'
target_alias=''
thepkgicudatadir='${prefix}/share'

## ----------- ##
## confdefs.h. ##
## ----------- ##

/* confdefs.h */
#define PACKAGE_NAME ""
#define PACKAGE_TARNAME ""
#define PACKAGE_VERSION ""
#define PACKAGE_STRING ""
#define PACKAGE_BUGREPORT ""
#define PACKAGE_URL ""
#define STDC_HEADERS 1
#define HAVE_SYS_TYPES_H 1
#define HAVE_SYS_STAT_H 1
#define HAVE_STDLIB_H 1
#define HAVE_STRING_H 1
#define HAVE_MEMORY_H 1
#define HAVE_STRINGS_H 1
#define HAVE_INTTYPES_H 1
#define HAVE_STDINT_H 1
#define HAVE_UNISTD_H 1
#define SIZEOF_VOID_P 8
#define HAVE_LIBM 1
#define HAVE_DLFCN_H 1
#define HAVE_DLOPEN 1
#define HAVE_GETTIMEOFDAY 1
#define HAVE_LIBPTHREAD 1
#define HAVE_INTTYPES_H 1
#define HAVE_DIRENT_H 1
#define HAVE_WCHAR_H 1
#define SIZEOF_WCHAR_T 4

configure: exit 0

## ---------------------- ##
## Running config.status. ##
## ---------------------- ##

This file was extended by config.status, which was
generated by GNU Autoconf 2.68.  Invocation command line was

  CONFIG_FILES    = ./Makefile
  CONFIG_HEADERS  = 
  CONFIG_LINKS    = 
  CONFIG_COMMANDS = 
  $ ./config.status 

on pandabook.local

config.status:885: creating ./Makefile

## ---------------------- ##
## Running config.status. ##
## ---------------------- ##

This file was extended by config.status, which was
generated by GNU Autoconf 2.68.  Invocation command line was

  CONFIG_FILES    = tools/Makefile
  CONFIG_HEADERS  = 
  CONFIG_LINKS    = 
  CONFIG_COMMANDS = 
  $ ./config.status 

on pandabook.local

config.status:885: creating tools/Makefile

## ---------------------- ##
## Running config.status. ##
## ---------------------- ##

This file was extended by config.status, which was
generated by GNU Autoconf 2.68.  Invocation command line was

  CONFIG_FILES    = tools/ctestfw/Makefile
  CONFIG_HEADERS  = 
  CONFIG_LINKS    = 
  CONFIG_COMMANDS = 
  $ ./config.status 

on pandabook.local

config.status:885: creating tools/ctestfw/Makefile

## ---------------------- ##
## Running config.status. ##
## ---------------------- ##

This file was extended by config.status, which was
generated by GNU Autoconf 2.68.  Invocation command line was

  CONFIG_FILES    = tools/makeconv/Makefile
  CONFIG_HEADERS  = 
  CONFIG_LINKS    = 
  CONFIG_COMMANDS = 
  $ ./config.status 

on pandabook.local

config.status:885: creating tools/makeconv/Makefile

## ---------------------- ##
## Running config.status. ##
## ---------------------- ##

This file was extended by config.status, which was
generated by GNU Autoconf 2.68.  Invocation command line was

  CONFIG_FILES    = tools/genrb/Makefile
  CONFIG_HEADERS  = 
  CONFIG_LINKS    = 
  CONFIG_COMMANDS = 
  $ ./config.status 

on pandabook.local

config.status:885: creating tools/genrb/Makefile

## ---------------------- ##
## Running config.status. ##
## ---------------------- ##

This file was extended by config.status, which was
generated by GNU Autoconf 2.68.  Invocation command line was

  CONFIG_FILES    = tools/genbrk/Makefile
  CONFIG_HEADERS  = 
  CONFIG_LINKS    = 
  CONFIG_COMMANDS = 
  $ ./config.status 

on pandabook.local

config.status:885: creating tools/genbrk/Makefile

## ---------------------- ##
## Running config.status. ##
## ---------------------- ##

This file was extended by config.status, which was
generated by GNU Autoconf 2.68.  Invocation command line was

  CONFIG_FILES    = tools/gencnval/Makefile
  CONFIG_HEADERS  = 
  CONFIG_LINKS    = 
  CONFIG_COMMANDS = 
  $ ./config.status 

on pandabook.local

config.status:885: creating tools/gencnval/Makefile

## ---------------------- ##
## Running config.status. ##
## ---------------------- ##

This file was extended by config.status, which was
generated by GNU Autoconf 2.68.  Invocation command line was

  CONFIG_FILES    = tools/gensprep/Makefile
  CONFIG_HEADERS  = 
  CONFIG_LINKS    = 
  CONFIG_COMMANDS = 
  $ ./config.status 

on pandabook.local

config.status:885: creating tools/gensprep/Makefile

## ---------------------- ##
## Running config.status. ##
## ---------------------- ##

This file was extended by config.status, which was
generated by GNU Autoconf 2.68.  Invocation command line was

  CONFIG_FILES    = tools/icuinfo/Makefile
  CONFIG_HEADERS  = 
  CONFIG_LINKS    = 
  CONFIG_COMMANDS = 
  $ ./config.status 

on pandabook.local

config.status:885: creating tools/icuinfo/Makefile

## ---------------------- ##
## Running config.status. ##
## ---------------------- ##

This file was extended by config.status, which was
generated by GNU Autoconf 2.68.  Invocation command line was

  CONFIG_FILES    = tools/genccode/Makefile
  CONFIG_HEADERS  = 
  CONFIG_LINKS    = 
  CONFIG_COMMANDS = 
  $ ./config.status 

on pandabook.local

config.status:885: creating tools/genccode/Makefile

## ---------------------- ##
## Running config.status. ##
## ---------------------- ##

This file was extended by config.status, which was
generated by GNU Autoconf 2.68.  Invocation command line was

  CONFIG_FILES    = tools/gencmn/Makefile
  CONFIG_HEADERS  = 
  CONFIG_LINKS    = 
  CONFIG_COMMANDS = 
  $ ./config.status 

on pandabook.local

config.status:885: creating tools/gencmn/Makefile

## ---------------------- ##
## Running config.status. ##
## ---------------------- ##

This file was extended by config.status, which was
generated by GNU Autoconf 2.68.  Invocation command line was

  CONFIG_FILES    = tools/icupkg/Makefile
  CONFIG_HEADERS  = 
  CONFIG_LINKS    = 
  CONFIG_COMMANDS = 
  $ ./config.status 

on pandabook.local

config.status:885: creating tools/icupkg/Makefile

## ---------------------- ##
## Running config.status. ##
## ---------------------- ##

This file was extended by config.status, which was
generated by GNU Autoconf 2.68.  Invocation command line was

  CONFIG_FILES    = tools/pkgdata/Makefile
  CONFIG_HEADERS  = 
  CONFIG_LINKS    = 
  CONFIG_COMMANDS = 
  $ ./config.status 

on pandabook.local

config.status:885: creating tools/pkgdata/Makefile

## ---------------------- ##
## Running config.status. ##
## ---------------------- ##

This file was extended by config.status, which was
generated by GNU Autoconf 2.68.  Invocation command line was

  CONFIG_FILES    = tools/gentest/Makefile
  CONFIG_HEADERS  = 
  CONFIG_LINKS    = 
  CONFIG_COMMANDS = 
  $ ./config.status 

on pandabook.local

config.status:885: creating tools/gentest/Makefile

## ---------------------- ##
## Running config.status. ##
## ---------------------- ##

This file was extended by config.status, which was
generated by GNU Autoconf 2.68.  Invocation command line was

  CONFIG_FILES    = tools/gennorm2/Makefile
  CONFIG_HEADERS  = 
  CONFIG_LINKS    = 
  CONFIG_COMMANDS = 
  $ ./config.status 

on pandabook.local

config.status:885: creating tools/gennorm2/Makefile

## ---------------------- ##
## Running config.status. ##
## ---------------------- ##

This file was extended by config.status, which was
generated by GNU Autoconf 2.68.  Invocation command line was

  CONFIG_FILES    = tools/gencfu/Makefile
  CONFIG_HEADERS  = 
  CONFIG_LINKS    = 
  CONFIG_COMMANDS = 
  $ ./config.status 

on pandabook.local

config.status:885: creating tools/gencfu/Makefile

## ---------------------- ##
## Running config.status. ##
## ---------------------- ##

This file was extended by config.status, which was
generated by GNU Autoconf 2.68.  Invocation command line was

  CONFIG_FILES    = tools/gendict/Makefile
  CONFIG_HEADERS  = 
  CONFIG_LINKS    = 
  CONFIG_COMMANDS = 
  $ ./config.status 

on pandabook.local

config.status:885: creating tools/gendict/Makefile

## ---------------------- ##
## Running config.status. ##
## ---------------------- ##

This file was extended by config.status, which was
generated by GNU Autoconf 2.68.  Invocation command line was

  CONFIG_FILES    = stubdata/Makefile
  CONFIG_HEADERS  = 
  CONFIG_LINKS    = 
  CONFIG_COMMANDS = 
  $ ./config.status 

on pandabook.local

config.status:885: creating stubdata/Makefile

## ---------------------- ##
## Running config.status. ##
## ---------------------- ##

This file was extended by config.status, which was
generated by GNU Autoconf 2.68.  Invocation command line was

  CONFIG_FILES    = common/Makefile
  CONFIG_HEADERS  = 
  CONFIG_LINKS    = 
  CONFIG_COMMANDS = 
  $ ./config.status 

on pandabook.local

config.status:885: creating common/Makefile

## ---------------------- ##
## Running config.status. ##
## ---------------------- ##

This file was extended by config.status, which was
generated by GNU Autoconf 2.68.  Invocation command line was

  CONFIG_FILES    = i18n/Makefile
  CONFIG_HEADERS  = 
  CONFIG_LINKS    = 
  CONFIG_COMMANDS = 
  $ ./config.status 

on pandabook.local

config.status:885: creating i18n/Makefile

## ---------------------- ##
## Running config.status. ##
## ---------------------- ##

This file was extended by config.status, which was
generated by GNU Autoconf 2.68.  Invocation command line was

  CONFIG_FILES    = data/Makefile
  CONFIG_HEADERS  = 
  CONFIG_LINKS    = 
  CONFIG_COMMANDS = 
  $ ./config.status 

on pandabook.local

config.status:885: creating data/Makefile
